Sat Jan 22 15:21:16 2022: sendJson (curl) CHAT=1024853832, JSON={"chat_id":1024853832, "text":"ayam"} URL=sendMessage
Sat Jan 22 15:21:57 2022: sendJson (curl) CHAT=-1001155763792, JSON={"chat_id":-1001155763792, "text":"ayam"} URL=sendMessage
Sat Jan 22 15:22:01 2022: sendJson (curl) CHAT=-1001155763792, JSON={"chat_id":-1001155763792, "text":"ayam"} URL=sendMessage
Sat Jan 22 15:22:21 2022: sendJson (curl) CHAT=-1001155763792, JSON={"chat_id":-1001155763792, "text":"ayam"} URL=sendMessage
Sat Jan 22 15:22:45 2022: sendJson (curl) CHAT=-1001296316951, JSON={"chat_id":-1001296316951, "text":"ayam"} URL=sendMessage
Sat Jan 22 15:22:50 2022: sendJson (curl) CHAT=-1001296316951, JSON={"chat_id":-1001296316951, "text":"bruh"} URL=sendMessage
Sat Jan 22 15:23:13 2022: sendJson (curl) CHAT=-1001296316951, JSON={"chat_id":-1001296316951, "text":"ABCDEFG"} URL=sendMessage
Sat Jan 22 15:23:19 2022: sendJson (curl) CHAT=-1001296316951, JSON={"chat_id":-1001296316951, "text":"HIJKLMNOP"} URL=sendMessage
Sat Jan 22 15:23:26 2022: sendJson (curl) CHAT=-1001296316951, JSON={"chat_id":-1001296316951, "text":"QRSTUV"} URL=sendMessage
Sat Jan 22 15:23:31 2022: sendJson (curl) CHAT=-1001296316951, JSON={"chat_id":-1001296316951, "text":"WXYZ"} URL=sendMessage
Sat Jan 22 15:27:44 2022: sendJson (curl) CHAT=-1001296316951, JSON={"chat_id":-1001296316951, "text":"kuntul"} URL=sendMessage
Sat Jan 22 15:32:13 2022: BASHBOT startup actions, mode set to "normal" ==========
Sat Jan 22 15:32:14 2022: update received FROM=  () CHAT=  () CMD=
Sat Jan 22 15:32:14 2022: IGNORE unknown update type: ["result",0,"my_chat_member","chat","id"]	-1001296316951
["result",0,"my_chat_member","from","id"]	1024853832
["result",0,"my_chat_member","old_chat_member","user","id"]	5079112650
["result",0,"my_chat_member","new_chat_member","user","id"]	5079112650
Sat Jan 22 15:32:14 2022: update received FROM=Hakimi0804 (1024853832) CHAT= Laki og (-1001296316951) CMD=/_new_chat_member 5079112650 h
Sat Jan 22 15:32:14 2022: update received FROM=Hakimi0804 (1024853832) CHAT= Laki og (-1001296316951) CMD=/start
Sat Jan 22 15:32:15 2022: update received FROM=Hakimi0804 (1024853832) CHAT= Laki og (-1001296316951) CMD=!is
Sat Jan 22 15:32:15 2022: update received FROM=Hakimi0804 (1024853832) CHAT= Laki og (-1001296316951) CMD=!id
Sat Jan 22 15:32:15 2022: update received FROM=  () CHAT=  () CMD=
Sat Jan 22 15:32:15 2022: IGNORE unknown update type: ["result",5,"my_chat_member","chat","id"]	-1001155763792
["result",5,"my_chat_member","from","id"]	1024853832
["result",5,"my_chat_member","old_chat_member","user","id"]	5079112650
["result",5,"my_chat_member","new_chat_member","user","id"]	5079112650
Sat Jan 22 15:32:15 2022: update received FROM=Hakimi0804 (1024853832) CHAT= Hakimi's userbot log (-1001155763792) CMD=/_new_chat_member 5079112650 h
Sat Jan 22 15:32:15 2022: update received FROM=Hakimi0804 (1024853832) CHAT= Laki og (-1001296316951) CMD=!id
Sat Jan 22 15:32:36 2022: update received FROM=Hakimi0804 (1024853832) CHAT= Laki og (-1001296316951) CMD=/purge tf
Sat Jan 22 15:32:59 2022: update received FROM=Hakimi0804 (1024853832) CHAT= Hakimi's userbot log (-1001155763792) CMD=.help
Sat Jan 22 15:33:17 2022: update received FROM=Hakimi0804 (1024853832) CHAT= Hakimi's userbot log (-1001155763792) CMD=.echo no
Sat Jan 22 15:34:46 2022: BASHBOT startup actions, mode set to "normal" ==========
Sat Jan 22 15:34:56 2022: update received FROM=Hakimi0804 (1024853832) CHAT= Hakimi's userbot log (-1001155763792) CMD=.echo start
Sat Jan 22 15:35:07 2022: update received FROM=Hakimi0804 (1024853832) CHAT= Hakimi's userbot log (-1001155763792) CMD=.calc 1+1
Sat Jan 22 15:35:12 2022: update received FROM=Hakimi0804 (1024853832) CHAT= Hakimi's userbot log (-1001155763792) CMD=/_edited_message .calc 1+e
Sat Jan 22 15:35:18 2022: update received FROM=Hakimi0804 (1024853832) CHAT= Hakimi's userbot log (-1001155763792) CMD=.calc 1+e
Sat Jan 22 15:36:00 2022: BASHBOT startup actions, mode set to "normal" ==========
Sat Jan 22 15:36:06 2022: update received FROM=Hakimi0804 (1024853832) CHAT= Hakimi's userbot log (-1001155763792) CMD=.echo bruh
Sat Jan 22 15:36:12 2022: update received FROM=Hakimi0804 (1024853832) CHAT= Hakimi's userbot log (-1001155763792) CMD=.echo tf
Sat Jan 22 15:36:34 2022: BASHBOT startup actions, mode set to "normal" ==========
Sat Jan 22 15:36:40 2022: update received FROM=Hakimi0804 (1024853832) CHAT= Hakimi's userbot log (-1001155763792) CMD=.echo congo lol
Sat Jan 22 15:36:46 2022: update received FROM=Hakimi0804 (1024853832) CHAT= Hakimi's userbot log (-1001155763792) CMD=.echo ya
Sat Jan 22 15:36:51 2022: update received FROM=Hakimi0804 (1024853832) CHAT= Hakimi's userbot log (-1001155763792) CMD=.echo no
Sat Jan 22 15:37:13 2022: update received FROM=Hakimi0804 (1024853832) CHAT= Hakimi's userbot log (-1001155763792) CMD=.info
Sat Jan 22 15:45:14 2022: update received FROM=Hakimi0804 (1024853832) CHAT= Hakimi's userbot log (-1001155763792) CMD=.calc 1*78
Sat Jan 22 15:45:22 2022: update received FROM=Hakimi0804 (1024853832) CHAT= Hakimi's userbot log (-1001155763792) CMD=/_edited_message .calc 78/3
Sat Jan 22 15:45:27 2022: update received FROM=Hakimi0804 (1024853832) CHAT= Hakimi's userbot log (-1001155763792) CMD=.calc 78/3
Sat Jan 22 15:45:42 2022: update received FROM=Hakimi0804 (1024853832) CHAT= Hakimi's userbot log (-1001155763792) CMD=.calc 78/3
Sat Jan 22 15:45:55 2022: update received FROM=Hakimi0804 (1024853832) CHAT= Hakimi's userbot log (-1001155763792) CMD=.calc 78/4
Sat Jan 22 15:46:26 2022: update received FROM=Hakimi0804 (1024853832) CHAT= Hakimi's userbot log (-1001155763792) CMD=.calc 78/3
Sat Jan 22 15:46:56 2022: update received FROM=Hakimi0804 (1024853832) CHAT= Laki og (-1001296316951) CMD=.calc 5*78/33*95/3
Sat Jan 22 15:47:01 2022: update received FROM=Hakimi0804 (1024853832) CHAT= Laki og (-1001296316951) CMD=noice
Sat Jan 22 15:52:10 2022: update received FROM=Hakimi0804 (1024853832) CHAT= Hakimi's userbot log (-1001155763792) CMD=d
Sat Jan 22 15:52:10 2022: update received FROM=Hakimi0804 (1024853832) CHAT= Hakimi's userbot log (-1001155763792) CMD=d
Sat Jan 22 15:52:12 2022: update received FROM=Hakimi0804 (1024853832) CHAT= Hakimi's userbot log (-1001155763792) CMD=d
Sat Jan 22 15:52:12 2022: update received FROM=Hakimi0804 (1024853832) CHAT= Hakimi's userbot log (-1001155763792) CMD=d
Sat Jan 22 15:52:12 2022: update received FROM=Hakimi0804 (1024853832) CHAT= Hakimi's userbot log (-1001155763792) CMD=d
Sat Jan 22 15:52:12 2022: update received FROM=Hakimi0804 (1024853832) CHAT= Hakimi's userbot log (-1001155763792) CMD=d
Sat Jan 22 15:52:15 2022: update received FROM=Hakimi0804 (1024853832) CHAT= Hakimi's userbot log (-1001155763792) CMD=.del
Sat Jan 22 15:52:15 2022: Delete Message CHAT=-1001155763792 MSG_ID=15391
Sat Jan 22 15:52:39 2022: update received FROM=Hakimi0804 (1024853832) CHAT= Hakimi's userbot log (-1001155763792) CMD=.del
Sat Jan 22 15:52:39 2022: Delete Message CHAT=-1001155763792 MSG_ID=15392
Sat Jan 22 15:52:56 2022: BASHBOT startup actions, mode set to "normal" ==========
Sat Jan 22 15:53:03 2022: update received FROM=Hakimi0804 (1024853832) CHAT= Hakimi's userbot log (-1001155763792) CMD=hlo
Sat Jan 22 15:53:06 2022: update received FROM=Hakimi0804 (1024853832) CHAT= Hakimi's userbot log (-1001155763792) CMD=.del
Sat Jan 22 15:53:06 2022: Delete Message CHAT=-1001155763792 MSG_ID=15394
Sat Jan 22 15:53:26 2022: update received FROM=  () CHAT=  () CMD=
Sat Jan 22 15:53:26 2022: IGNORE unknown update type: ["result",0,"my_chat_member","chat","id"]	-1001155763792
["result",0,"my_chat_member","from","id"]	1024853832
["result",0,"my_chat_member","old_chat_member","user","id"]	5079112650
["result",0,"my_chat_member","new_chat_member","user","id"]	5079112650
Sat Jan 22 15:53:31 2022: update received FROM=Hakimi0804 (1024853832) CHAT= Hakimi's userbot log (-1001155763792) CMD=.echo test
Sat Jan 22 15:53:35 2022: update received FROM=Hakimi0804 (1024853832) CHAT= Hakimi's userbot log (-1001155763792) CMD=.del
Sat Jan 22 15:53:35 2022: Delete Message CHAT=-1001155763792 MSG_ID=15397
Sat Jan 22 15:53:41 2022: update received FROM=Hakimi0804 (1024853832) CHAT= Hakimi's userbot log (-1001155763792) CMD=.del
Sat Jan 22 15:53:41 2022: Delete Message CHAT=-1001155763792 MSG_ID=15398
Sat Jan 22 15:55:51 2022: update received FROM=Hakimi0804 (1024853832) CHAT= Hakimi's userbot log (-1001155763792) CMD=.del
Sat Jan 22 15:55:57 2022: update received FROM=Hakimi0804 (1024853832) CHAT= Hakimi's userbot log (-1001155763792) CMD=.del
Sat Jan 22 15:55:57 2022: Delete Message CHAT=-1001155763792 MSG_ID=15394
Sat Jan 22 15:55:57 2022: Delete Message CHAT=-1001155763792 MSG_ID=15401
Sat Jan 22 15:56:39 2022: update received FROM=Hakimi0804 (1024853832) CHAT= Hakimi's userbot log (-1001155763792) CMD=.del
Sat Jan 22 15:56:39 2022: Delete Message CHAT=-1001155763792 MSG_ID=15402
Sat Jan 22 15:56:40 2022: Delete Message CHAT=-1001155763792 MSG_ID=15403
Sat Jan 22 15:57:19 2022: update received FROM=Hakimi0804 (1024853832) CHAT= Hakimi's userbot log (-1001155763792) CMD=delte
Sat Jan 22 15:57:21 2022: update received FROM=Hakimi0804 (1024853832) CHAT= Hakimi's userbot log (-1001155763792) CMD=.del
Sat Jan 22 15:57:21 2022: Delete Message CHAT=-1001155763792 MSG_ID=15404
Sat Jan 22 15:57:23 2022: Delete Message CHAT=-1001155763792 MSG_ID=15405
Sat Jan 22 15:58:31 2022: update received FROM=Hakimi0804 (1024853832) CHAT= Hakimi's userbot log (-1001155763792) CMD=bruh
Sat Jan 22 15:58:35 2022: update received FROM=Hakimi0804 (1024853832) CHAT= Hakimi's userbot log (-1001155763792) CMD=.del
Sat Jan 22 15:58:35 2022: Delete Message CHAT=-1001155763792 MSG_ID=15406
Sat Jan 22 15:58:36 2022: Delete Message CHAT=-1001155763792 MSG_ID=15407
Sat Jan 22 15:59:56 2022: update received FROM=Hakimi0804 (1024853832) CHAT= Hakimi's userbot log (-1001155763792) CMD=.
Sat Jan 22 16:00:00 2022: update received FROM=Hakimi0804 (1024853832) CHAT= Hakimi's userbot log (-1001155763792) CMD=.del
Sat Jan 22 16:00:00 2022: Delete Message CHAT=-1001155763792 MSG_ID=15408
Sat Jan 22 16:00:01 2022: Delete Message CHAT=-1001155763792 MSG_ID=15409
Sat Jan 22 16:00:57 2022: update received FROM=Hakimi0804 (1024853832) CHAT= Hakimi's userbot log (-1001155763792) CMD=.del
Sat Jan 22 16:00:57 2022: Delete Message CHAT=-1001155763792 MSG_ID=15400
Sat Jan 22 16:00:59 2022: Delete Message CHAT=-1001155763792 MSG_ID=15411
Sat Jan 22 16:01:26 2022: BASHBOT startup actions, mode set to "debug" ==========
Sat Jan 22 16:01:26 2022: sendJson (curl) CHAT=1024853832, JSON={"chat_id":1024853832, "text":"Bot hakimi_bash_bot polling mode started ..."} URL=sendMessage
Sat Jan 22 16:01:46 2022: update received FROM=Hakimi0804 (1024853832) CHAT= Hakimi's userbot log (-1001155763792) CMD=.del
Sat Jan 22 16:01:46 2022: Delete Message CHAT=-1001155763792 MSG_ID=15410
Sat Jan 22 16:01:46 2022: sendJson (curl) CHAT=-1001155763792, JSON={"chat_id":-1001155763792, "message_id": 15410} URL=deleteMessage
Sat Jan 22 16:01:47 2022: Delete Message CHAT=-1001155763792 MSG_ID=15412
Sat Jan 22 16:01:47 2022: sendJson (curl) CHAT=-1001155763792, JSON={"chat_id":-1001155763792, "message_id": 15412} URL=deleteMessage
Sat Jan 22 16:02:37 2022: BASHBOT startup actions, mode set to "normal" ==========
Sat Jan 22 16:02:53 2022: update received FROM=StoopidGuyy (1456816952) CHAT= Laki og (-1001296316951) CMD=Widih
Sat Jan 22 16:02:59 2022: update received FROM=StoopidGuyy (1456816952) CHAT= Laki og (-1001296316951) CMD=Ni persediaan ke kimi
Sat Jan 22 16:03:02 2022: update received FROM=StoopidGuyy (1456816952) CHAT= Laki og (-1001296316951) CMD=Nk jawab math
Sat Jan 22 16:03:05 2022: update received FROM=StoopidGuyy (1456816952) CHAT= Laki og (-1001296316951) CMD=🗿👍🏼
Sat Jan 22 16:03:14 2022: update received FROM=Hakimi0804 (1024853832) CHAT= Laki og (-1001296316951) CMD=kwoawkaowk
Sat Jan 22 16:03:15 2022: update received FROM=StoopidGuyy (1456816952) CHAT= Laki og (-1001296316951) CMD=.calc 3+3
Sat Jan 22 16:03:18 2022: update received FROM=Hakimi0804 (1024853832) CHAT= Laki og (-1001296316951) CMD=takde ah
Sat Jan 22 16:03:21 2022: update received FROM=StoopidGuyy (1456816952) CHAT= Laki og (-1001296316951) CMD=Anjaii
Sat Jan 22 16:03:22 2022: update received FROM=Hakimi0804 (1024853832) CHAT= Laki og (-1001296316951) CMD=tapi betul gak
Sat Jan 22 16:03:25 2022: update received FROM=StoopidGuyy (1456816952) CHAT= Laki og (-1001296316951) CMD=HEHE
Sat Jan 22 16:03:45 2022: update received FROM=StoopidGuyy (1456816952) CHAT= Laki og (-1001296316951) CMD=.calc 456*2
Sat Jan 22 16:03:50 2022: update received FROM=StoopidGuyy (1456816952) CHAT= Laki og (-1001296316951) CMD=HEHE
Sat Jan 22 16:04:04 2022: update received FROM=Hakimi0804 (1024853832) CHAT= Laki og (-1001296316951) CMD=.calc 69/3
Sat Jan 22 16:04:10 2022: update received FROM=StoopidGuyy (1456816952) CHAT= Laki og (-1001296316951) CMD=Wow
Sat Jan 22 16:04:15 2022: update received FROM=Hakimi0804 (1024853832) CHAT= Laki og (-1001296316951) CMD=    stickers/file_0.webp 
Sat Jan 22 16:04:19 2022: update received FROM=Hakimi0804 (1024853832) CHAT= Laki og (-1001296316951) CMD=banyak naw perpuluhan
Sat Jan 22 16:04:27 2022: update received FROM=Hakimi0804 (1024853832) CHAT= Laki og (-1001296316951) CMD=jap Aku betulkan kalau leh
Sat Jan 22 16:04:28 2022: update received FROM=StoopidGuyy (1456816952) CHAT= Laki og (-1001296316951) CMD=.calc 52%-200
Sat Jan 22 16:04:34 2022: update received FROM=StoopidGuyy (1456816952) CHAT= Laki og (-1001296316951) CMD=🗿🗿
Sat Jan 22 16:04:43 2022: update received FROM=Hakimi0804 (1024853832) CHAT= Laki og (-1001296316951) CMD=.calc 52/100-200
Sat Jan 22 16:04:52 2022: update received FROM=StoopidGuyy (1456816952) CHAT= Laki og (-1001296316951) CMD=Lebih kurang
Sat Jan 22 16:05:07 2022: update received FROM=StoopidGuyy (1456816952) CHAT= Laki og (-1001296316951) CMD=.calc 696969
Sat Jan 22 16:05:17 2022: update received FROM=StoopidGuyy (1456816952) CHAT= Laki og (-1001296316951) CMD=😈🍌
Sat Jan 22 16:07:03 2022: update received FROM=Hakimi0804 (1024853832) CHAT= Laki og (-1001296316951) CMD=.calc 69/3
Sat Jan 22 16:07:07 2022: update received FROM=Hakimi0804 (1024853832) CHAT= Laki og (-1001296316951) CMD=mantap
Sat Jan 22 16:07:13 2022: update received FROM=Hakimi0804 (1024853832) CHAT= Laki og (-1001296316951) CMD=tige titik perpuluhan je
Sat Jan 22 16:08:22 2022: update received FROM=Hakimi0804 (1024853832) CHAT= Laki og (-1001296316951) CMD=.calc 52/100-200
Sat Jan 22 16:13:35 2022: update received FROM=Hakimi0804 (1024853832) CHAT= Hakimi's userbot log (-1001155763792) CMD=.set_decimal_places 5
Sat Jan 22 16:14:06 2022: update received FROM=Hakimi0804 (1024853832) CHAT= Hakimi's userbot log (-1001155763792) CMD=.set_decimal_places 5
Sat Jan 22 16:14:14 2022: update received FROM=Hakimi0804 (1024853832) CHAT= Hakimi's userbot log (-1001155763792) CMD=.calc 69/3
Sat Jan 22 16:15:47 2022: update received FROM=Hakimi0804 (1024853832) CHAT= Hakimi's userbot log (-1001155763792) CMD=.calc 69/3
Sat Jan 22 16:15:51 2022: update received FROM=Hakimi0804 (1024853832) CHAT= Hakimi's userbot log (-1001155763792) CMD=.set_decimal_places 5
Sat Jan 22 16:15:56 2022: update received FROM=Hakimi0804 (1024853832) CHAT= Hakimi's userbot log (-1001155763792) CMD=.calc 69/3
Sat Jan 22 16:18:53 2022: update received FROM=Hakimi0804 (1024853832) CHAT= Hakimi's userbot log (-1001155763792) CMD=.set_decimal_places 5
Sat Jan 22 16:19:01 2022: update received FROM=Hakimi0804 (1024853832) CHAT= Hakimi's userbot log (-1001155763792) CMD=.calc 69/3
Sat Jan 22 16:19:10 2022: update received FROM=Hakimi0804 (1024853832) CHAT= Hakimi's userbot log (-1001155763792) CMD=.set_decimal_places 3
Sat Jan 22 16:19:16 2022: update received FROM=Hakimi0804 (1024853832) CHAT= Hakimi's userbot log (-1001155763792) CMD=.calc 69/3
Sat Jan 22 16:26:38 2022: update received FROM=hanifhambali363 (1401369818) CHAT= Laki og (-1001296316951) CMD=.calc 367+727*5(4-1)
Sat Jan 22 16:34:10 2022: update received FROM=Hakimi0804 (1024853832) CHAT= Laki og (-1001296316951) CMD=ngebug
Sat Jan 22 16:34:17 2022: update received FROM=Hakimi0804 (1024853832) CHAT= Laki og (-1001296316951) CMD=aku ter-rosakkan tadi
Sat Jan 22 16:34:25 2022: update received FROM=Hakimi0804 (1024853832) CHAT= Laki og (-1001296316951) CMD=jakgi aku betulkan
Sat Jan 22 16:45:52 2022: update received FROM=Akudahvaksin (1356253876) CHAT= Laki og (-1001296316951) CMD=asal
Sat Jan 22 17:37:44 2022: update received FROM=Hakimi0804 (1024853832) CHAT= Laki og (-1001296316951) CMD=lamabt
Sat Jan 22 17:37:45 2022: update received FROM=Hakimi0804 (1024853832) CHAT= Laki og (-1001296316951) CMD=senior dah delete
Sat Jan 22 17:59:28 2022: update received FROM=Hakimi0804 (1024853832) CHAT= Hakimi's userbot log (-1001155763792) CMD=.info
Sat Jan 22 18:01:50 2022: update received FROM=Hakimi0804 (1024853832) CHAT= Hakimi's userbot log (-1001155763792) CMD=.calc 69/3
Sat Jan 22 18:02:10 2022: update received FROM=Hakimi0804 (1024853832) CHAT= Hakimi's userbot log (-1001155763792) CMD=.calc 69/3
Sat Jan 22 18:02:34 2022: update received FROM=Hakimi0804 (1024853832) CHAT= Laki og (-1001296316951) CMD=dah betulkan
Sat Jan 22 18:02:45 2022: update received FROM=Hakimi0804 (1024853832) CHAT= Laki og (-1001296316951) CMD=   photos/file_1.jpg  
Sat Jan 22 18:02:51 2022: update received FROM=Hakimi0804 (1024853832) CHAT= Laki og (-1001296316951) CMD=.calc 68/3
Sun Jan 23 12:31:28 2022: sendJson (curl) CHAT=1024853832, JSON={"chat_id":1024853832, "text":"tf"} URL=sendMessage
Sun Jan 23 13:18:31 2022: sendJson (curl) CHAT=1024853832, JSON={"chat_id":1024853832, "action": "upload_photo"} URL=sendChatAction
Sun Jan 23 13:18:41 2022: sendJson (curl) CHAT=1024853832, JSON={"chat_id":1024853832, "action": "upload_document"} URL=sendChatAction
Sun Jan 23 13:19:34 2022: sendJson (curl) CHAT=-1001664444944, JSON={"chat_id":-1001664444944, "action": "upload_document"} URL=sendChatAction
Tue Jan 25 09:19:17 2022: BASHBOT startup actions, mode set to "normal" ==========
Tue Jan 25 09:19:23 2022: update received FROM=  () CHAT=  () CMD=
Tue Jan 25 09:19:23 2022: IGNORE unknown update type: ["result",0,"channel_post","sender_chat","id"]	-1001664444944
["result",0,"channel_post","chat","id"]	-1001664444944
Tue Jan 25 09:19:23 2022: update received FROM=morningbaba (1446611162) CHAT= Laki og (-1001296316951) CMD=Woodie
Tue Jan 25 09:19:23 2022: update received FROM=Hakimi0804 (1024853832) CHAT= Hakimi's testing env (-1001155763792) CMD=sudo dnf remove android-tools;
Tue Jan 25 09:19:23 2022: update received FROM=Hakimi0804 (1024853832) CHAT= Hakimi's testing env (-1001155763792) CMD=/_edited_message sudo dnf remo
Tue Jan 25 09:19:24 2022: update received FROM=Hakimi0804 (1024853832) CHAT= Hakimi's testing env (-1001155763792) CMD=/_edited_message sudo dnf remo
Tue Jan 25 09:19:25 2022: update received FROM=Hakimi0804 (1024853832) CHAT= Hakimi's testing env (-1001155763792) CMD= documents/file_52.conf    
Tue Jan 25 09:19:26 2022: update received FROM=Hazim Aqil✨  (1536631756) CHAT= Laki og (-1001296316951) CMD=Woodie apa kamu buat disini?
Tue Jan 25 09:19:27 2022: update received FROM=Hazim Aqil✨  (1536631756) CHAT= Laki og (-1001296316951) CMD=Ini bukan toy story kawan
Tue Jan 25 09:19:27 2022: update received FROM=Hazim Aqil✨  (1536631756) CHAT= Laki og (-1001296316951) CMD=Sila balik ke server mu semula
Tue Jan 25 09:19:28 2022: update received FROM=Hazim Aqil✨  (1536631756) CHAT= Laki og (-1001296316951) CMD=Kata bang buzz lightyear
Tue Jan 25 09:19:29 2022: update received FROM=morningbaba (1446611162) CHAT= Laki og (-1001296316951) CMD=Baik rakan karib ku
Tue Jan 25 09:19:29 2022: update received FROM=morningbaba (1446611162) CHAT= Laki og (-1001296316951) CMD=Mari ke tempat asal
Tue Jan 25 09:19:30 2022: update received FROM=morningbaba (1446611162) CHAT= Laki og (-1001296316951) CMD=Kata adik woodie
Tue Jan 25 09:19:32 2022: update received FROM=morningbaba (1446611162) CHAT= Laki og (-1001296316951) CMD=    stickers/file_41.webp 
Tue Jan 25 09:19:32 2022: update received FROM=  () CHAT=  () CMD=
Tue Jan 25 09:19:32 2022: IGNORE unknown update type: ["result",14,"channel_post","sender_chat","id"]	-1001664444944
["result",14,"channel_post","chat","id"]	-1001664444944
["result",14,"channel_post","forward_from","id"]	1138003186
Tue Jan 25 09:19:32 2022: update received FROM=  () CHAT=  () CMD=
Tue Jan 25 09:19:33 2022: IGNORE unknown update type: ["result",15,"channel_post","sender_chat","id"]	-1001664444944
["result",15,"channel_post","chat","id"]	-1001664444944
["result",15,"channel_post","forward_from","id"]	1138003186
Tue Jan 25 09:19:33 2022: update received FROM=Hazim Aqil✨  (1536631756) CHAT= Laki og (-1001296316951) CMD=https://vt.tiktok.com/ZSeVta5v
Tue Jan 25 09:19:33 2022: update received FROM=morningbaba (1446611162) CHAT= Laki og (-1001296316951) CMD=Wth
Tue Jan 25 09:19:33 2022: update received FROM=morningbaba (1446611162) CHAT= Laki og (-1001296316951) CMD=https://vt.tiktok.com/ZSeVtfLQ
Tue Jan 25 09:19:33 2022: update received FROM=morningbaba (1446611162) CHAT= Laki og (-1001296316951) CMD=Syawal belikeeeee
Tue Jan 25 09:19:35 2022: update received FROM=morningbaba (1446611162) CHAT= Laki og (-1001296316951) CMD=    stickers/file_41.webp 
Tue Jan 25 09:19:36 2022: update received FROM=morningbaba (1446611162) CHAT= Laki og (-1001296316951) CMD=Sehari seratus 🤝🏻👍🏻
Tue Jan 25 09:19:36 2022: update received FROM=Akudahvaksin (1356253876) CHAT= Laki og (-1001296316951) CMD=Weyh pai masuk apa je?
Tue Jan 25 09:19:36 2022: update received FROM=Akudahvaksin (1356253876) CHAT= Laki og (-1001296316951) CMD=Nfan ba ngan seni
Tue Jan 25 09:19:36 2022: update received FROM=morningbaba (1446611162) CHAT= Laki og (-1001296316951) CMD=Ntah
Tue Jan 25 09:19:37 2022: update received FROM=morningbaba (1446611162) CHAT= Laki og (-1001296316951) CMD=Aq jem
Tue Jan 25 09:19:37 2022: update received FROM=morningbaba (1446611162) CHAT= Laki og (-1001296316951) CMD=Jwpan aq Google
Tue Jan 25 09:19:37 2022: update received FROM=mal  (1027650822) CHAT= Laki og (-1001296316951) CMD=betul
Tue Jan 25 09:19:38 2022: update received FROM=mal  (1027650822) CHAT= Laki og (-1001296316951) CMD=    stickers/file_53.webp 
Tue Jan 25 09:19:38 2022: update received FROM=Akudahvaksin (1356253876) CHAT= Laki og (-1001296316951) CMD=korg rasa korg dapat ak score 
Tue Jan 25 09:19:39 2022: update received FROM=Akudahvaksin (1356253876) CHAT= Laki og (-1001296316951) CMD=aku rasa aku tk dho
Tue Jan 25 09:19:39 2022: update received FROM=Akudahvaksin (1356253876) CHAT= Laki og (-1001296316951) CMD=tkpeah bnde dh berlalu
Tue Jan 25 09:19:39 2022: update received FROM=mal  (1027650822) CHAT= Laki og (-1001296316951) CMD=pedulikan
Tue Jan 25 09:19:39 2022: update received FROM=hanifhambali363 (1401369818) CHAT= Laki og (-1001296316951) CMD=https://vt.tiktok.com/ZSeV7ftg
Tue Jan 25 09:19:39 2022: update received FROM=morningbaba (1446611162) CHAT= Laki og (-1001296316951) CMD=To join the meeting on Google 
Tue Jan 25 09:19:39 2022: update received FROM=pepjsi (666413201) CHAT= Laki og (-1001296316951) CMD=Skrg ke
Tue Jan 25 09:19:39 2022: update received FROM=pepjsi (666413201) CHAT= Laki og (-1001296316951) CMD=Sape dh masuk
Tue Jan 25 09:19:40 2022: update received FROM=morningbaba (1446611162) CHAT= Laki og (-1001296316951) CMD=aq blom
Tue Jan 25 09:19:40 2022: update received FROM=StoopidGuyy (1456816952) CHAT= Laki og (-1001296316951) CMD=Ustad tk admit aku
Tue Jan 25 09:19:40 2022: update received FROM=pepjsi (666413201) CHAT= Laki og (-1001296316951) CMD=Same
Tue Jan 25 09:19:41 2022: update received FROM=Hazim Aqil✨  (1536631756) CHAT= Laki og (-1001296316951) CMD=Ads yg da masuk?
Tue Jan 25 09:19:41 2022: update received FROM=pepjsi (666413201) CHAT= Laki og (-1001296316951) CMD=https://forms.office.com/Pages
Tue Jan 25 09:19:41 2022: update received FROM=pepjsi (666413201) CHAT= Laki og (-1001296316951) CMD=Aku janji bukak google
Tue Jan 25 09:19:42 2022: update received FROM=pepjsi (666413201) CHAT= Laki og (-1001296316951) CMD=Blom
Tue Jan 25 09:19:42 2022: update received FROM=StoopidGuyy (1456816952) CHAT= Laki og (-1001296316951) CMD=Blom
Tue Jan 25 09:19:43 2022: update received FROM=pepjsi (666413201) CHAT= Laki og (-1001296316951) CMD=Ade yang da masuk?
Tue Jan 25 09:19:43 2022: update received FROM=Hazim Aqil✨  (1536631756) CHAT= Laki og (-1001296316951) CMD=Dh
Tue Jan 25 09:19:44 2022: update received FROM=Hazim Aqil✨  (1536631756) CHAT= Laki og (-1001296316951) CMD=Xdela
Tue Jan 25 09:19:44 2022: update received FROM=Hazim Aqil✨  (1536631756) CHAT= Laki og (-1001296316951) CMD=Blum
Tue Jan 25 09:19:44 2022: update received FROM=pepjsi (666413201) CHAT= Laki og (-1001296316951) CMD=Ngebug aku nya gmeet
Tue Jan 25 09:19:45 2022: update received FROM=pepjsi (666413201) CHAT= Laki og (-1001296316951) CMD=You already on call
Tue Jan 25 09:19:45 2022: update received FROM=pepjsi (666413201) CHAT= Laki og (-1001296316951) CMD=Tapi ask to join
Tue Jan 25 09:19:45 2022: update received FROM=pepjsi (666413201) CHAT= Laki og (-1001296316951) CMD=/_edited_message You already i
Tue Jan 25 09:19:46 2022: update received FROM=StoopidGuyy (1456816952) CHAT= Laki og (-1001296316951) CMD=Blum
Tue Jan 25 09:19:46 2022: update received FROM=Hazim Aqil✨  (1536631756) CHAT= Laki og (-1001296316951) CMD=Dh masuk
Tue Jan 25 09:19:46 2022: update received FROM=pepjsi (666413201) CHAT= Laki og (-1001296316951) CMD=Same
Tue Jan 25 09:19:46 2022: update received FROM=Akudahvaksin (1356253876) CHAT= Laki og (-1001296316951) CMD=dah ada gform ke
Tue Jan 25 09:19:47 2022: update received FROM=Hazim Aqil✨  (1536631756) CHAT= Laki og (-1001296316951) CMD=   photos/file_54.jpg  
Tue Jan 25 09:19:47 2022: update received FROM=Akudahvaksin (1356253876) CHAT= Laki og (-1001296316951) CMD=nak link
Tue Jan 25 09:19:47 2022: update received FROM=Hazim Aqil✨  (1536631756) CHAT= Laki og (-1001296316951) CMD=Jp
Tue Jan 25 09:19:48 2022: update received FROM=Hazim Aqil✨  (1536631756) CHAT= Laki og (-1001296316951) CMD=Link ustad bug
Tue Jan 25 09:19:48 2022: update received FROM=pepjsi (666413201) CHAT= Laki og (-1001296316951) CMD=Ngebug juga link baru pun
Tue Jan 25 09:19:48 2022: update received FROM=StoopidGuyy (1456816952) CHAT= Laki og (-1001296316951) CMD=Haah
Tue Jan 25 09:19:48 2022: update received FROM=Akudahvaksin (1356253876) CHAT= Laki og (-1001296316951) CMD=anta link sini au kalau dah ok
Tue Jan 25 09:19:48 2022: update received FROM=StoopidGuyy (1456816952) CHAT= Laki og (-1001296316951) CMD=Dh bole
Tue Jan 25 09:19:48 2022: update received FROM=Akudahvaksin (1356253876) CHAT= Laki og (-1001296316951) CMD=nk link
Tue Jan 25 09:19:49 2022: update received FROM=Hazim Aqil✨  (1536631756) CHAT= Laki og (-1001296316951) CMD=Dh xde
Tue Jan 25 09:19:49 2022: update received FROM=Akudahvaksin (1356253876) CHAT= Laki og (-1001296316951) CMD=ha?
Tue Jan 25 09:19:49 2022: update received FROM=Hazim Aqil✨  (1536631756) CHAT= Laki og (-1001296316951) CMD=Ustad tutup
Tue Jan 25 09:19:50 2022: update received FROM=pepjsi (666413201) CHAT= Laki og (-1001296316951) CMD=X de
Tue Jan 25 09:19:50 2022: update received FROM=pepjsi (666413201) CHAT= Laki og (-1001296316951) CMD=Ha ah
Tue Jan 25 09:19:50 2022: update received FROM=Akudahvaksin (1356253876) CHAT= Laki og (-1001296316951) CMD=lah
Tue Jan 25 09:19:51 2022: update received FROM=StoopidGuyy (1456816952) CHAT= Laki og (-1001296316951) CMD=Ni
Tue Jan 25 09:19:51 2022: update received FROM=StoopidGuyy (1456816952) CHAT= Laki og (-1001296316951) CMD=https://docs.google.com/forms/
Tue Jan 25 09:19:51 2022: update received FROM=Hazim Aqil✨  (1536631756) CHAT= Laki og (-1001296316951) CMD=https://docs.google.com/forms/
Tue Jan 25 09:19:52 2022: update received FROM=pepjsi (666413201) CHAT= Laki og (-1001296316951) CMD=https://docs.google.com/forms/
Tue Jan 25 09:19:53 2022: update received FROM=Hakimi0804 (1024853832) CHAT= Laki og (-1001296316951) CMD= animations/file_55.mp4    
Tue Jan 25 09:19:55 2022: update received FROM=pepjsi (666413201) CHAT= Laki og (-1001296316951) CMD=    stickers/file_13.webp 
Tue Jan 25 09:19:55 2022: update received FROM=Hazim Aqil✨  (1536631756) CHAT= Laki og (-1001296316951) CMD=Oi qib
Tue Jan 25 09:19:56 2022: update received FROM=Akudahvaksin (1356253876) CHAT= Laki og (-1001296316951) CMD=dah
Tue Jan 25 09:19:56 2022: update received FROM=Hazim Aqil✨  (1536631756) CHAT= Laki og (-1001296316951) CMD=Ustad tdi panggil
Tue Jan 25 09:19:56 2022: update received FROM=Akudahvaksin (1356253876) CHAT= Laki og (-1001296316951) CMD=tau
Tue Jan 25 09:19:56 2022: update received FROM=Hazim Aqil✨  (1536631756) CHAT= Laki og (-1001296316951) CMD=Okk
Tue Jan 25 09:19:57 2022: update received FROM=Akudahvaksin (1356253876) CHAT= Laki og (-1001296316951) CMD=weyh someone bagi no lulu dlm 
Tue Jan 25 09:19:57 2022: update received FROM=Akudahvaksin (1356253876) CHAT= Laki og (-1001296316951) CMD=aku punya whatsapp problem
Tue Jan 25 09:19:57 2022: update received FROM=StoopidGuyy (1456816952) CHAT= Laki og (-1001296316951) CMD=Buat hal laa
Tue Jan 25 09:19:58 2022: update received FROM=morningbaba (1446611162) CHAT= Laki og (-1001296316951) CMD=https://forms.gle/cghYn3apm9Hp
Tue Jan 25 09:19:58 2022: update received FROM=morningbaba (1446611162) CHAT= Laki og (-1001296316951) CMD=Dh kluar bang
Tue Jan 25 09:19:58 2022: update received FROM=pepjsi (666413201) CHAT= Laki og (-1001296316951) CMD=Ni yang mane?
Tue Jan 25 09:19:58 2022: update received FROM=morningbaba (1446611162) CHAT= Laki og (-1001296316951) CMD=Exam la
Tue Jan 25 09:19:59 2022: update received FROM=pepjsi (666413201) CHAT= Laki og (-1001296316951) CMD=Ohhh
Tue Jan 25 09:19:59 2022: update received FROM=StoopidGuyy (1456816952) CHAT= Laki og (-1001296316951) CMD=Soalan dia berterbaur
Tue Jan 25 09:19:59 2022: update received FROM=GroupAnonymousBot (1087968824) CHAT= Laki og (-1001296316951) CMD=
Tue Jan 25 09:20:00 2022: update received FROM=StoopidGuyy (1456816952) CHAT= Laki og (-1001296316951) CMD=Berterabur*
Tue Jan 25 09:20:00 2022: update received FROM=pepjsi (666413201) CHAT= Laki og (-1001296316951) CMD=Ok je
Tue Jan 25 09:20:00 2022: update received FROM=Hakimi0804 (1024853832) CHAT= Laki og (-1001296316951) CMD=siap
Tue Jan 25 09:20:01 2022: update received FROM=Hakimi0804 (1024853832) CHAT= Laki og (-1001296316951) CMD=pasni exam ape
Tue Jan 25 09:20:01 2022: update received FROM=Hakimi0804 (1024853832) CHAT= Laki og (-1001296316951) CMD=
Tue Jan 25 09:20:03 2022: update received FROM=Hakimi0804 (1024853832) CHAT= Laki og (-1001296316951) CMD=   photos/file_56.jpg  
Tue Jan 25 09:20:03 2022: update received FROM=Hakimi0804 (1024853832) CHAT= Laki og (-1001296316951) CMD=yuk gamee
Tue Jan 25 09:20:07 2022: update received FROM=morningbaba (1446611162) CHAT= Laki og (-1001296316951) CMD=yuk
Tue Jan 25 09:20:07 2022: update received FROM=Hakimi0804 (1024853832) CHAT= Laki og (-1001296316951) CMD=/_edited_message 
Tue Jan 25 09:20:08 2022: update received FROM=Hakimi0804 (1024853832) CHAT= Laki og (-1001296316951) CMD="tahnia semua dapat 100 lg"
~ 
Tue Jan 25 09:20:09 2022: update received FROM=Hakimi0804 (1024853832) CHAT= Laki og (-1001296316951) CMD= animations/file_57.mp4    
Tue Jan 25 09:20:09 2022: update received FROM=Hakimi0804 (1024853832) CHAT= Laki og (-1001296316951) CMD=/_edited_message 
Tue Jan 25 09:20:09 2022: update received FROM=Hakimi0804 (1024853832) CHAT= Laki og (-1001296316951) CMD=
Tue Jan 25 09:20:09 2022: update received FROM=Hakimi0804 (1024853832) CHAT= Laki og (-1001296316951) CMD=/_edited_message 
Tue Jan 25 09:20:10 2022: update received FROM=Hakimi0804 (1024853832) CHAT= 1 AK № (-1001400197588) CMD=/_new_pinned_message 102485383
Tue Jan 25 09:20:10 2022: update received FROM=Hakimi0804 (1024853832) CHAT= Laki og (-1001296316951) CMD=/_edited_message 
Tue Jan 25 09:20:10 2022: update received FROM=Hakimi0804 (1024853832) CHAT= Laki og (-1001296316951) CMD=/_edited_message 
Tue Jan 25 09:20:26 2022: update received FROM=Hakimi0804 (1024853832) CHAT= Laki og (-1001296316951) CMD=/_edited_message 
Tue Jan 25 09:20:31 2022: update received FROM=Hakimi0804 (1024853832) CHAT= Hakimi's testing env (-1001155763792) CMD=.help
Tue Jan 25 09:20:36 2022: update received FROM=Hakimi0804 (1024853832) CHAT= Laki og (-1001296316951) CMD=.help
Tue Jan 25 09:20:40 2022: update received FROM=Hakimi0804 (1024853832) CHAT= Laki og (-1001296316951) CMD=.help
Tue Jan 25 09:20:58 2022: update received FROM=Hakimi0804 (1024853832) CHAT= Laki og (-1001296316951) CMD=.spam e
Tue Jan 25 09:21:31 2022: update received FROM=StoopidGuyy (1456816952) CHAT= Laki og (-1001296316951) CMD=Ammar
Tue Jan 25 09:21:34 2022: update received FROM=StoopidGuyy (1456816952) CHAT= Laki og (-1001296316951) CMD=Kau pakai iphone ke
Tue Jan 25 09:22:04 2022: update received FROM=hanifhambali363 (1401369818) CHAT= Laki og (-1001296316951) CMD=Aku curi gambar orang
Tue Jan 25 09:22:12 2022: update received FROM=StoopidGuyy (1456816952) CHAT= Laki og (-1001296316951) CMD=Gg tak crop
Tue Jan 25 09:22:13 2022: update received FROM=hanifhambali363 (1401369818) CHAT= Laki og (-1001296316951) CMD=   photos/file_58.jpg  
Tue Jan 25 09:22:15 2022: update received FROM=hanifhambali363 (1401369818) CHAT= Laki og (-1001296316951) CMD=HAHAHAHA
Tue Jan 25 09:22:18 2022: update received FROM=hanifhambali363 (1401369818) CHAT= Laki og (-1001296316951) CMD=LUKU
Tue Jan 25 09:22:23 2022: update received FROM=StoopidGuyy (1456816952) CHAT= Laki og (-1001296316951) CMD=Kene luku kepala
Tue Jan 25 09:22:26 2022: update received FROM=StoopidGuyy (1456816952) CHAT= Laki og (-1001296316951) CMD=🗿🗿
Tue Jan 25 09:26:50 2022: update received FROM=Hakimi0804 (1024853832) CHAT= Laki og (-1001296316951) CMD=!id
Tue Jan 25 09:28:15 2022: update received FROM=Hakimi0804 (1024853832) CHAT= Hakimi's testing env (-1001155763792) CMD=.ilmu
Tue Jan 25 09:28:31 2022: update received FROM=Hakimi0804 (1024853832) CHAT= Hakimi's testing env (-1001155763792) CMD=https://t.me/c/1296316951/2248
Tue Jan 25 09:28:38 2022: update received FROM=Hakimi0804 (1024853832) CHAT= Hakimi's testing env (-1001155763792) CMD=Santai ilmu di dada
Tue Jan 25 09:28:58 2022: update received FROM=Hakimi0804 (1024853832) CHAT= Hakimi's testing env (-1001155763792) CMD=!id
Tue Jan 25 09:29:44 2022: update received FROM=Hakimi0804 (1024853832) CHAT= Hakimi's testing env (-1001155763792) CMD=.ilmu
Tue Jan 25 09:29:53 2022: update received FROM=Hakimi0804 (1024853832) CHAT= Laki og (-1001296316951) CMD=.ilmu
Tue Jan 25 09:29:57 2022: update received FROM=Hakimi0804 (1024853832) CHAT= Laki og (-1001296316951) CMD=.ilmu
Tue Jan 25 09:30:04 2022: update received FROM=Hakimi0804 (1024853832) CHAT= Laki og (-1001296316951) CMD=mantap
Tue Jan 25 09:31:14 2022: update received FROM=  () CHAT=  () CMD=
Tue Jan 25 09:31:14 2022: IGNORE unknown update type: ["result",0,"my_chat_member","chat","id"]	-1001400197588
["result",0,"my_chat_member","from","id"]	1024853832
["result",0,"my_chat_member","old_chat_member","user","id"]	5079112650
["result",0,"my_chat_member","new_chat_member","user","id"]	5079112650
Tue Jan 25 09:31:29 2022: update received FROM=pepjsi (666413201) CHAT= Laki og (-1001296316951) CMD=Ilmu
Tue Jan 25 09:31:31 2022: update received FROM=  () CHAT=  () CMD=
Tue Jan 25 09:31:31 2022: IGNORE unknown update type: ["result",0,"my_chat_member","chat","id"]	-1001400197588
["result",0,"my_chat_member","from","id"]	1024853832
["result",0,"my_chat_member","old_chat_member","user","id"]	5079112650
["result",0,"my_chat_member","new_chat_member","user","id"]	5079112650
Tue Jan 25 09:31:31 2022: update received FROM=Hakimi0804 (1024853832) CHAT= 1 AK № (-1001400197588) CMD=/_new_chat_member 5079112650 h
Tue Jan 25 09:31:46 2022: update received FROM=  () CHAT=  () CMD=
Tue Jan 25 09:31:46 2022: IGNORE unknown update type: ["result",0,"my_chat_member","chat","id"]	-1001400197588
["result",0,"my_chat_member","from","id"]	1024853832
["result",0,"my_chat_member","old_chat_member","user","id"]	5079112650
["result",0,"my_chat_member","new_chat_member","user","id"]	5079112650
Tue Jan 25 09:31:58 2022: update received FROM=Hakimi0804 (1024853832) CHAT= 1 AK № (-1001400197588) CMD=.info
Tue Jan 25 09:32:02 2022: update received FROM=Hakimi0804 (1024853832) CHAT= 1 AK № (-1001400197588) CMD=k
Tue Jan 25 09:32:06 2022: update received FROM=Hakimi0804 (1024853832) CHAT= 1 AK № (-1001400197588) CMD=/purge
Tue Jan 25 09:32:53 2022: update received FROM=pepjsi (666413201) CHAT= 1 AK № (-1001400197588) CMD=https://vt.tiktok.com/ZSeVohtU
Tue Jan 25 09:34:47 2022: update received FROM=Hakimi0804 (1024853832) CHAT= Laki og (-1001296316951) CMD=.ilmu
Tue Jan 25 09:34:47 2022: update received FROM=Hakimi0804 (1024853832) CHAT= Laki og (-1001296316951) CMD=.ilmu
Tue Jan 25 09:34:55 2022: update received FROM=Hakimi0804 (1024853832) CHAT= Laki og (-1001296316951) CMD=.ilmu
Tue Jan 25 09:34:55 2022: update received FROM=Hakimi0804 (1024853832) CHAT= Laki og (-1001296316951) CMD=.ilmu
Tue Jan 25 09:34:55 2022: update received FROM=Hakimi0804 (1024853832) CHAT= Laki og (-1001296316951) CMD=.ilmu
Tue Jan 25 09:34:55 2022: update received FROM=Hakimi0804 (1024853832) CHAT= Laki og (-1001296316951) CMD=.ilmu
Tue Jan 25 09:35:10 2022: update received FROM=Hakimi0804 (1024853832) CHAT= Laki og (-1001296316951) CMD=.ilmu
Tue Jan 25 09:35:10 2022: update received FROM=Hakimi0804 (1024853832) CHAT= Laki og (-1001296316951) CMD=.ilmu
Tue Jan 25 09:35:10 2022: update received FROM=Hakimi0804 (1024853832) CHAT= Laki og (-1001296316951) CMD=.ilmu
Tue Jan 25 09:35:10 2022: update received FROM=Hakimi0804 (1024853832) CHAT= Laki og (-1001296316951) CMD=.ilmu
Tue Jan 25 09:35:10 2022: update received FROM=Hakimi0804 (1024853832) CHAT= Laki og (-1001296316951) CMD=.ilmu
Tue Jan 25 09:35:10 2022: update received FROM=Hakimi0804 (1024853832) CHAT= Laki og (-1001296316951) CMD=.ilmu
Tue Jan 25 09:35:10 2022: update received FROM=Hakimi0804 (1024853832) CHAT= Laki og (-1001296316951) CMD=.ilmu
Tue Jan 25 09:35:10 2022: update received FROM=Hakimi0804 (1024853832) CHAT= Laki og (-1001296316951) CMD=.ilmu
Tue Jan 25 09:35:23 2022: update received FROM=Hakimi0804 (1024853832) CHAT= Laki og (-1001296316951) CMD=.ilmu
Tue Jan 25 09:35:23 2022: update received FROM=Hakimi0804 (1024853832) CHAT= Laki og (-1001296316951) CMD=.ilmu
Tue Jan 25 09:35:23 2022: update received FROM=Hakimi0804 (1024853832) CHAT= Laki og (-1001296316951) CMD=.ilmu
Tue Jan 25 09:35:23 2022: update received FROM=Hakimi0804 (1024853832) CHAT= Laki og (-1001296316951) CMD=.ilmu
Tue Jan 25 09:35:23 2022: update received FROM=Hakimi0804 (1024853832) CHAT= Laki og (-1001296316951) CMD=.ilmu
Tue Jan 25 09:35:23 2022: update received FROM=Hakimi0804 (1024853832) CHAT= Laki og (-1001296316951) CMD=.ilmu
Tue Jan 25 09:35:24 2022: update received FROM=Hakimi0804 (1024853832) CHAT= Laki og (-1001296316951) CMD=.ilmu
Tue Jan 25 09:35:24 2022: update received FROM=Hakimi0804 (1024853832) CHAT= Laki og (-1001296316951) CMD=.ilmu
Tue Jan 25 09:35:24 2022: update received FROM=Hakimi0804 (1024853832) CHAT= Laki og (-1001296316951) CMD=.ilmu
Tue Jan 25 09:35:24 2022: update received FROM=Hakimi0804 (1024853832) CHAT= Laki og (-1001296316951) CMD=.ilmu
Tue Jan 25 09:35:24 2022: update received FROM=Hakimi0804 (1024853832) CHAT= Laki og (-1001296316951) CMD=.ilmu
Tue Jan 25 09:35:24 2022: update received FROM=Hakimi0804 (1024853832) CHAT= Laki og (-1001296316951) CMD=.ilmu
Tue Jan 25 09:35:24 2022: update received FROM=Hakimi0804 (1024853832) CHAT= Laki og (-1001296316951) CMD=.ilmu
Tue Jan 25 09:35:25 2022: update received FROM=Hakimi0804 (1024853832) CHAT= Laki og (-1001296316951) CMD=.ilmu
Tue Jan 25 09:35:25 2022: update received FROM=Hakimi0804 (1024853832) CHAT= Laki og (-1001296316951) CMD=.ilmu
Tue Jan 25 09:35:56 2022: update received FROM=Hakimi0804 (1024853832) CHAT= Laki og (-1001296316951) CMD=.ilmu
Tue Jan 25 09:35:56 2022: update received FROM=Hakimi0804 (1024853832) CHAT= Laki og (-1001296316951) CMD=.ilmu
Tue Jan 25 09:35:56 2022: update received FROM=Hakimi0804 (1024853832) CHAT= Laki og (-1001296316951) CMD=.ilmu
Tue Jan 25 09:35:56 2022: update received FROM=Hakimi0804 (1024853832) CHAT= Laki og (-1001296316951) CMD=.ilmu
Tue Jan 25 09:35:56 2022: update received FROM=Hakimi0804 (1024853832) CHAT= Laki og (-1001296316951) CMD=.ilmu
Tue Jan 25 09:35:56 2022: update received FROM=Hakimi0804 (1024853832) CHAT= Laki og (-1001296316951) CMD=.ilmu
Tue Jan 25 09:35:57 2022: update received FROM=Hakimi0804 (1024853832) CHAT= Laki og (-1001296316951) CMD=.ilmu
Tue Jan 25 09:35:57 2022: update received FROM=Hakimi0804 (1024853832) CHAT= Laki og (-1001296316951) CMD=.ilmu
Tue Jan 25 09:35:57 2022: update received FROM=Hakimi0804 (1024853832) CHAT= Laki og (-1001296316951) CMD=.ilmu
Tue Jan 25 09:35:57 2022: update received FROM=Hakimi0804 (1024853832) CHAT= Laki og (-1001296316951) CMD=.ilmu
Tue Jan 25 09:35:57 2022: update received FROM=Hakimi0804 (1024853832) CHAT= Laki og (-1001296316951) CMD=.ilmu
Tue Jan 25 09:35:57 2022: update received FROM=Hakimi0804 (1024853832) CHAT= Laki og (-1001296316951) CMD=.ilmu
Tue Jan 25 09:35:57 2022: update received FROM=Hakimi0804 (1024853832) CHAT= Laki og (-1001296316951) CMD=.ilmu
Tue Jan 25 09:35:58 2022: update received FROM=Hakimi0804 (1024853832) CHAT= Laki og (-1001296316951) CMD=.ilmu
Tue Jan 25 09:35:58 2022: update received FROM=Hakimi0804 (1024853832) CHAT= Laki og (-1001296316951) CMD=.ilmu
Tue Jan 25 09:35:58 2022: update received FROM=Hakimi0804 (1024853832) CHAT= Laki og (-1001296316951) CMD=.ilmu
Tue Jan 25 09:35:58 2022: update received FROM=Hakimi0804 (1024853832) CHAT= Laki og (-1001296316951) CMD=.ilmu
Tue Jan 25 09:35:58 2022: update received FROM=Hakimi0804 (1024853832) CHAT= Laki og (-1001296316951) CMD=.ilmu
Tue Jan 25 09:35:58 2022: update received FROM=Hakimi0804 (1024853832) CHAT= Laki og (-1001296316951) CMD=.ilmu
Tue Jan 25 09:35:59 2022: update received FROM=Hakimi0804 (1024853832) CHAT= Laki og (-1001296316951) CMD=.ilmu
Tue Jan 25 09:35:59 2022: update received FROM=Hakimi0804 (1024853832) CHAT= Laki og (-1001296316951) CMD=.ilmu
Tue Jan 25 09:35:59 2022: update received FROM=Hakimi0804 (1024853832) CHAT= Laki og (-1001296316951) CMD=.ilmu
Tue Jan 25 09:35:59 2022: update received FROM=Hakimi0804 (1024853832) CHAT= Laki og (-1001296316951) CMD=.ilmu
Tue Jan 25 09:35:59 2022: update received FROM=Hakimi0804 (1024853832) CHAT= Laki og (-1001296316951) CMD=.ilmu
Tue Jan 25 09:35:59 2022: update received FROM=Hakimi0804 (1024853832) CHAT= Laki og (-1001296316951) CMD=.ilmu
Tue Jan 25 09:35:59 2022: update received FROM=Hakimi0804 (1024853832) CHAT= Laki og (-1001296316951) CMD=.ilmu
Tue Jan 25 09:35:59 2022: update received FROM=Hakimi0804 (1024853832) CHAT= Laki og (-1001296316951) CMD=.ilmu
Tue Jan 25 09:36:00 2022: update received FROM=Hakimi0804 (1024853832) CHAT= Laki og (-1001296316951) CMD=.ilmu
Tue Jan 25 09:36:00 2022: update received FROM=Hakimi0804 (1024853832) CHAT= Laki og (-1001296316951) CMD=.ilmu
Tue Jan 25 09:36:00 2022: update received FROM=Hakimi0804 (1024853832) CHAT= Laki og (-1001296316951) CMD=.ilmu
Tue Jan 25 09:36:00 2022: update received FROM=Hakimi0804 (1024853832) CHAT= Laki og (-1001296316951) CMD=.ilmu
Tue Jan 25 09:36:45 2022: update received FROM=Hakimi0804 (1024853832) CHAT= Laki og (-1001296316951) CMD=/purge ilmu di dada cok
Tue Jan 25 09:37:25 2022: update received FROM=Hakimi0804 (1024853832) CHAT=Hakimi0804 (1024853832) CMD=.ilmu
Tue Jan 25 09:37:41 2022: update received FROM=pepjsi (666413201) CHAT= Laki og (-1001296316951) CMD=.ilmu
Tue Jan 25 09:37:43 2022: update received FROM=Hakimi0804 (1024853832) CHAT= 1 AK № (-1001400197588) CMD=.ilmu
Tue Jan 25 10:18:01 2022: update received FROM=izzxtfxrhxn (1612062449) CHAT= 1 AK № (-1001400197588) CMD=nk tanda yg mne weh   photos/file_59.jpg  
Tue Jan 25 10:26:54 2022: update received FROM=Hakimi0804 (1024853832) CHAT= 1 AK № (-1001400197588) CMD=aku tick semua
Tue Jan 25 10:26:59 2022: update received FROM=Hakimi0804 (1024853832) CHAT= 1 AK № (-1001400197588) CMD= animations/file_60.mp4    
Tue Jan 25 10:27:07 2022: update received FROM=izzxtfxrhxn (1612062449) CHAT= 1 AK № (-1001400197588) CMD=widihhh
Tue Jan 25 10:27:17 2022: update received FROM=izzxtfxrhxn (1612062449) CHAT= 1 AK № (-1001400197588) CMD=    stickers/file_61.webp 
Tue Jan 25 10:29:26 2022: update received FROM=Hakimi0804 (1024853832) CHAT= Hakimi's testing env (-1001155763792) CMD=Magisk
- stable
- canary
- alp
Tue Jan 25 10:32:29 2022: update received FROM=StoopidGuyy (1456816952) CHAT= Laki og (-1001296316951) CMD=Mana link
Tue Jan 25 10:32:45 2022: update received FROM=Hakimi0804 (1024853832) CHAT= Laki og (-1001296316951) CMD=https://t.me/c/1400197588/4359
Tue Jan 25 10:33:07 2022: update received FROM=StoopidGuyy (1456816952) CHAT= Laki og (-1001296316951) CMD=🗿
Tue Jan 25 10:33:14 2022: update received FROM=izzxtfxrhxn (1612062449) CHAT= 1 AK № (-1001400197588) CMD=suh ustaz admit weh   photos/file_62.jpg  
Tue Jan 25 10:33:46 2022: update received FROM=Hakimi0804 (1024853832) CHAT= 1 AK № (-1001400197588) CMD=   photos/file_63.jpg  
Tue Jan 25 10:33:50 2022: update received FROM=Hakimi0804 (1024853832) CHAT= 1 AK № (-1001400197588) CMD=    stickers/file_26.webp 
Tue Jan 25 10:35:38 2022: update received FROM=Raiyan  (5008218772) CHAT= 1 AK № (-1001400197588) CMD=🗿   photos/file_64.jpg  
Tue Jan 25 10:36:12 2022: update received FROM=izzxtfxrhxn (1612062449) CHAT= 1 AK № (-1001400197588) CMD=anjayyy sune tk masuk agi 😌
Tue Jan 25 10:36:17 2022: update received FROM=izzxtfxrhxn (1612062449) CHAT= 1 AK № (-1001400197588) CMD=/_edited_message anjayyy sume 
Tue Jan 25 11:46:00 2022: update received FROM=izzxtfxrhxn (1612062449) CHAT= 1 AK № (-1001400197588) CMD=/_edited_message anjayyy sume 
Tue Jan 25 11:46:00 2022: update received FROM=StoopidGuyy (1456816952) CHAT= 1 AK № (-1001400197588) CMD=Aku dh
Tue Jan 25 11:46:01 2022: update received FROM=pepjsi (666413201) CHAT= 1 AK № (-1001400197588) CMD=Aku dh
Tue Jan 25 11:46:01 2022: update received FROM=izzxtfxrhxn (1612062449) CHAT= 1 AK № (-1001400197588) CMD=suh ustaz admit
Tue Jan 25 11:46:02 2022: update received FROM=Hakimi0804 (1024853832) CHAT= 1 AK № (-1001400197588) CMD=    stickers/file_26.webp 
Tue Jan 25 11:46:04 2022: update received FROM=Hakimi0804 (1024853832) CHAT= 1 AK № (-1001400197588) CMD=   photos/file_65.jpg  
Tue Jan 25 11:46:04 2022: update received FROM=Hakimi0804 (1024853832) CHAT= 1 AK № (-1001400197588) CMD=same
Tue Jan 25 11:46:06 2022: update received FROM=Hakimi0804 (1024853832) CHAT= 1 AK № (-1001400197588) CMD=    stickers/file_23.webp 
Tue Jan 25 11:46:09 2022: update received FROM=izzxtfxrhxn (1612062449) CHAT= 1 AK № (-1001400197588) CMD=    stickers/file_66.webp 
Tue Jan 25 11:46:09 2022: update received FROM=Hakimi0804 (1024853832) CHAT= 1 AK № (-1001400197588) CMD=tapi ustadnye hilsng
Tue Jan 25 11:46:10 2022: update received FROM=Hakimi0804 (1024853832) CHAT= 1 AK № (-1001400197588) CMD=    stickers/file_67.webp 
Tue Jan 25 11:46:11 2022: update received FROM=hanifhambali363 (1401369818) CHAT= Laki og (-1001296316951) CMD=https://vt.tiktok.com/ZSeVockM
Tue Jan 25 11:46:12 2022: update received FROM=Raiyan  (5008218772) CHAT= 1 AK № (-1001400197588) CMD=Direject   photos/file_68.jpg  
Tue Jan 25 11:46:12 2022: update received FROM=izzxtfxrhxn (1612062449) CHAT= 1 AK № (-1001400197588) CMD=sama
Tue Jan 25 11:46:13 2022: update received FROM=hanifhambali363 (1401369818) CHAT= 1 AK № (-1001400197588) CMD=Sbb bukan nama pelajar kot
Tue Jan 25 11:46:13 2022: update received FROM=Raiyan  (5008218772) CHAT= 1 AK № (-1001400197588) CMD=Wa pakai nama ma
Tue Jan 25 11:46:13 2022: update received FROM=izzxtfxrhxn (1612062449) CHAT= 1 AK № (-1001400197588) CMD=aq dh masuk
Tue Jan 25 11:46:13 2022: update received FROM=izzxtfxrhxn (1612062449) CHAT= 1 AK № (-1001400197588) CMD=cau lu
Tue Jan 25 11:46:13 2022: update received FROM=Raiyan  (5008218772) CHAT= 1 AK № (-1001400197588) CMD=Ustaz x de kn
Tue Jan 25 11:46:13 2022: update received FROM=izzxtfxrhxn (1612062449) CHAT= 1 AK № (-1001400197588) CMD=ade
Tue Jan 25 11:46:13 2022: update received FROM=Nvmraniatheck (2097972058) CHAT= 1 AK № (-1001400197588) CMD=Ustaz dh bgi aku jnji or belum
Tue Jan 25 11:46:13 2022: update received FROM=izzxtfxrhxn (1612062449) CHAT= 1 AK № (-1001400197588) CMD=janji ape
Tue Jan 25 11:46:14 2022: update received FROM=Raiyan  (5008218772) CHAT= 1 AK № (-1001400197588) CMD=Lum
Tue Jan 25 11:46:14 2022: update received FROM=hanifhambali363 (1401369818) CHAT= 1 AK № (-1001400197588) CMD=Link aku janji
Tue Jan 25 11:46:18 2022: update received FROM=izzxtfxrhxn (1612062449) CHAT= 1 AK № (-1001400197588) CMD=   photos/file_69.jpg  
Tue Jan 25 11:46:19 2022: update received FROM=nraleamsra (1200257759) CHAT= 1 AK № (-1001400197588) CMD=1045 ustaz vbagi
Tue Jan 25 11:46:20 2022: update received FROM=izzxtfxrhxn (1612062449) CHAT= 1 AK № (-1001400197588) CMD=   photos/file_70.jpg  
Tue Jan 25 11:46:20 2022: update received FROM=anakpakkarimjualnang (1612062449) CHAT= 1 AK № (-1001400197588) CMD=@TagAllMemberBot
Tue Jan 25 11:46:22 2022: update received FROM=anakpakkarimjualnang (1612062449) CHAT= 1 AK № (-1001400197588) CMD=    stickers/file_66.webp 
Tue Jan 25 11:46:22 2022: update received FROM=Hakimi0804 (1024853832) CHAT= 1 AK № (-1001400197588) CMD=https://forms.office.com/Pages
Tue Jan 25 11:46:23 2022: update received FROM=Hakimi0804 (1024853832) CHAT= 1 AK № (-1001400197588) CMD=    stickers/file_14.webp 
Tue Jan 25 11:46:23 2022: update received FROM=morningbaba (1446611162) CHAT= Laki og (-1001296316951) CMD=Gg rayam
Tue Jan 25 11:46:24 2022: update received FROM=morningbaba (1446611162) CHAT= Laki og (-1001296316951) CMD=/_edited_message Gg rayan
Tue Jan 25 11:46:24 2022: update received FROM=morningbaba (1446611162) CHAT= Laki og (-1001296316951) CMD=HAHAHAH
Tue Jan 25 11:46:26 2022: update received FROM=anakpakkarimjualnang (1612062449) CHAT= 1 AK № (-1001400197588) CMD=    stickers/file_71.webp 
Tue Jan 25 11:46:33 2022: update received FROM=morningbaba (1446611162) CHAT= Laki og (-1001296316951) CMD=    stickers/file_72.webp 
Tue Jan 25 11:46:33 2022: update received FROM=hanifhambali363 (1401369818) CHAT= Laki og (-1001296316951) CMD=Amik sepender abang
Tue Jan 25 11:46:33 2022: update received FROM=anakpakkarimjualnang (1612062449) CHAT= 1 AK № (-1001400197588) CMD=raiyan r u oky
Tue Jan 25 11:46:34 2022: update received FROM=hanifhambali363 (1401369818) CHAT= Laki og (-1001296316951) CMD=HAHAHAHA
Tue Jan 25 11:46:34 2022: update received FROM=morningbaba (1446611162) CHAT= Laki og (-1001296316951) CMD=HAHAHAHAHA
Tue Jan 25 11:46:34 2022: update received FROM=Nvmraniatheck (2097972058) CHAT= 1 AK № (-1001400197588) CMD=Aku cm dgr something tpi tk pe
Tue Jan 25 11:46:36 2022: update received FROM=Hakimi0804 (1024853832) CHAT= Laki og (-1001296316951) CMD= animations/file_73.mp4    
Tue Jan 25 11:46:36 2022: update received FROM=morningbaba (1446611162) CHAT= Laki og (-1001296316951) CMD=Sus
Tue Jan 25 11:46:36 2022: update received FROM=Raiyan  (5008218772) CHAT= 1 AK № (-1001400197588) CMD=Bodoh tertekan
Tue Jan 25 11:46:36 2022: update received FROM=Raiyan  (5008218772) CHAT= 1 AK № (-1001400197588) CMD=Anaji
Tue Jan 25 11:46:37 2022: update received FROM=morningbaba (1446611162) CHAT= Laki og (-1001296316951) CMD=Rayan sus
Tue Jan 25 11:46:37 2022: update received FROM=Raiyan  (5008218772) CHAT= 1 AK № (-1001400197588) CMD=Bodo tertekan
Tue Jan 25 11:46:37 2022: update received FROM=morningbaba (1446611162) CHAT= 1 AK № (-1001400197588) CMD=Rayan sus
Tue Jan 25 11:46:37 2022: update received FROM=Nvmraniatheck (2097972058) CHAT= 1 AK № (-1001400197588) CMD=Kau tk censored
Tue Jan 25 11:46:37 2022: update received FROM=Raiyan  (5008218772) CHAT= 1 AK № (-1001400197588) CMD=Hahaha
Tue Jan 25 11:46:37 2022: update received FROM=morningbaba (1446611162) CHAT= 1 AK № (-1001400197588) CMD=Amik something ii
Tue Jan 25 11:46:42 2022: update received FROM=morningbaba (1446611162) CHAT= 1 AK № (-1001400197588) CMD=    stickers/file_72.webp 
Tue Jan 25 11:46:42 2022: update received FROM=Nvmraniatheck (2097972058) CHAT= 1 AK № (-1001400197588) CMD=Diamm gilee diamm .. AIBB² HAG
Tue Jan 25 11:46:42 2022: update received FROM=morningbaba (1446611162) CHAT= 1 AK № (-1001400197588) CMD=Hahs
Tue Jan 25 11:46:43 2022: update received FROM=Raiyan  (5008218772) CHAT= 1 AK № (-1001400197588) CMD=Hahaha bodo lh
Tue Jan 25 11:46:44 2022: update received FROM=morningbaba (1446611162) CHAT= 1 AK № (-1001400197588) CMD=    stickers/file_13.webp 
Tue Jan 25 11:46:45 2022: update received FROM=GroupAnonymousBot (1087968824) CHAT= Laki og (-1001296316951) CMD=
Tue Jan 25 11:46:45 2022: update received FROM=morningbaba (1446611162) CHAT= Laki og (-1001296316951) CMD=Aiman need attention
Tue Jan 25 11:46:46 2022: update received FROM=anakpakkarimjualnang (1612062449) CHAT= 1 AK № (-1001400197588) CMD=    stickers/file_61.webp 
Tue Jan 25 11:46:46 2022: update received FROM=morningbaba (1446611162) CHAT= Laki og (-1001296316951) CMD=Gg
Tue Jan 25 11:46:47 2022: update received FROM=pepjsi (666413201) CHAT= Laki og (-1001296316951) CMD=Itulatu
Tue Jan 25 11:46:47 2022: update received FROM=Hazim Aqil✨  (1536631756) CHAT= Laki og (-1001296316951) CMD=Ustad da amik kehadiran er?
Tue Jan 25 11:46:47 2022: update received FROM=pepjsi (666413201) CHAT= Laki og (-1001296316951) CMD=Tengah ambik
Tue Jan 25 11:46:47 2022: update received FROM=Hazim Aqil✨  (1536631756) CHAT= Laki og (-1001296316951) CMD=Kelas kite?
Tue Jan 25 11:46:47 2022: update received FROM=anakpakkarimjualnang (1612062449) CHAT= 1 AK № (-1001400197588) CMD=mickey ( adam ) Masuk meet
Tue Jan 25 11:46:47 2022: update received FROM=hanifhambali363 (1401369818) CHAT= Laki og (-1001296316951) CMD=https://vt.tiktok.com/ZSeq11Fp
Tue Jan 25 11:46:48 2022: update received FROM=Raiyan  (5008218772) CHAT= 1 AK № (-1001400197588) CMD=Arab keluar apa je
Tue Jan 25 11:46:48 2022: update received FROM=Adamiya  (2136660806) CHAT= 1 AK № (-1001400197588) CMD=Ye tngh lag
Tue Jan 25 11:46:48 2022: update received FROM=hanifhambali363 (1401369818) CHAT= 1 AK № (-1001400197588) CMD=Bahasa arab
Tue Jan 25 11:46:48 2022: update received FROM=pepjsi (666413201) CHAT= Laki og (-1001296316951) CMD=Gg
Tue Jan 25 11:46:48 2022: update received FROM=morningbaba (1446611162) CHAT= Laki og (-1001296316951) CMD=Aiman need attention
Tue Jan 25 11:46:48 2022: update received FROM=Hazim Aqil✨  (1536631756) CHAT= Laki og (-1001296316951) CMD=Ustad ensem
Tue Jan 25 11:46:48 2022: update received FROM=pepjsi (666413201) CHAT= Laki og (-1001296316951) CMD=Nak att sangat tu
Tue Jan 25 11:46:48 2022: update received FROM=morningbaba (1446611162) CHAT= Laki og (-1001296316951) CMD=Attention seekers
Tue Jan 25 11:46:50 2022: update received FROM=morningbaba (1446611162) CHAT= Laki og (-1001296316951) CMD=    stickers/file_72.webp 
Tue Jan 25 11:46:50 2022: update received FROM=pepjsi (666413201) CHAT= Laki og (-1001296316951) CMD=Dah cok
Tue Jan 25 11:46:51 2022: update received FROM=morningbaba (1446611162) CHAT= Laki og (-1001296316951) CMD=Hmm
Tue Jan 25 11:46:51 2022: update received FROM=morningbaba (1446611162) CHAT= Laki og (-1001296316951) CMD=Cringe
Tue Jan 25 11:46:51 2022: update received FROM=pepjsi (666413201) CHAT= Laki og (-1001296316951) CMD=Ustaz nk ambil kehadiran
Tue Jan 25 11:46:51 2022: update received FROM=pepjsi (666413201) CHAT= Laki og (-1001296316951) CMD=Gg
Tue Jan 25 11:46:51 2022: update received FROM=pepjsi (666413201) CHAT= Laki og (-1001296316951) CMD=Nk att
Tue Jan 25 11:46:51 2022: update received FROM=pepjsi (666413201) CHAT= Laki og (-1001296316951) CMD=Kontil kontil
Tue Jan 25 11:46:51 2022: update received FROM=Hazim Aqil✨  (1536631756) CHAT= Laki og (-1001296316951) CMD=Man borang
Tue Jan 25 11:46:52 2022: update received FROM=morningbaba (1446611162) CHAT= Laki og (-1001296316951) CMD=Jiji
Tue Jan 25 11:46:52 2022: update received FROM=hanifhambali363 (1401369818) CHAT= Laki og (-1001296316951) CMD=Kat chat
Tue Jan 25 11:46:52 2022: update received FROM=Hazim Aqil✨  (1536631756) CHAT= Laki og (-1001296316951) CMD=Oi
Tue Jan 25 11:46:52 2022: update received FROM=Hazim Aqil✨  (1536631756) CHAT= Laki og (-1001296316951) CMD=Ookk
Tue Jan 25 11:46:52 2022: update received FROM=morningbaba (1446611162) CHAT= Laki og (-1001296316951) CMD=https://forms.office.com/Pages
Tue Jan 25 11:46:52 2022: update received FROM=hanifhambali363 (1401369818) CHAT= Laki og (-1001296316951) CMD=Kat group kelas ada
Tue Jan 25 11:46:52 2022: update received FROM=pepjsi (666413201) CHAT= Laki og (-1001296316951) CMD=Ustad hensem lah harini
Tue Jan 25 11:46:54 2022: update received FROM=pepjsi (666413201) CHAT= Laki og (-1001296316951) CMD=    stickers/file_13.webp 
Tue Jan 25 11:46:54 2022: update received FROM=hanifhambali363 (1401369818) CHAT= Laki og (-1001296316951) CMD=Ingat eh nama bapak member
Tue Jan 25 11:46:54 2022: update received FROM=hanifhambali363 (1401369818) CHAT= Laki og (-1001296316951) CMD=Aku tak ingat
Tue Jan 25 11:46:54 2022: update received FROM=hanifhambali363 (1401369818) CHAT= Laki og (-1001296316951) CMD=HAHAHHA
Tue Jan 25 11:46:55 2022: update received FROM=morningbaba (1446611162) CHAT= Laki og (-1001296316951) CMD=    stickers/file_72.webp 
Tue Jan 25 11:46:56 2022: update received FROM=pepjsi (666413201) CHAT= Laki og (-1001296316951) CMD=Zul azmi
Tue Jan 25 11:46:56 2022: update received FROM=morningbaba (1446611162) CHAT= Laki og (-1001296316951) CMD=Anjai
Tue Jan 25 11:46:56 2022: update received FROM=StoopidGuyy (1456816952) CHAT= Laki og (-1001296316951) CMD=Anjg anjg
Tue Jan 25 11:46:56 2022: update received FROM=morningbaba (1446611162) CHAT= Laki og (-1001296316951) CMD=Jiji Star was
Tue Jan 25 11:46:56 2022: update received FROM=pepjsi (666413201) CHAT= Laki og (-1001296316951) CMD=Abu k
Tue Jan 25 11:46:59 2022: update received FROM=pepjsi (666413201) CHAT= Laki og (-1001296316951) CMD=Abu khawarizmi
Tue Jan 25 11:46:59 2022: update received FROM=morningbaba (1446611162) CHAT= Laki og (-1001296316951) CMD=/_edited_message Jiji Star war
Tue Jan 25 11:47:00 2022: update received FROM=pepjsi (666413201) CHAT= Laki og (-1001296316951) CMD=Catat adick adick
Tue Jan 25 11:47:00 2022: update received FROM=morningbaba (1446611162) CHAT= Laki og (-1001296316951) CMD=Abu
Tue Jan 25 11:47:01 2022: update received FROM=morningbaba (1446611162) CHAT= Laki og (-1001296316951) CMD=    stickers/file_72.webp 
Tue Jan 25 11:47:01 2022: update received FROM=Hazim Aqil✨  (1536631756) CHAT= Laki og (-1001296316951) CMD=Kote mamak
Tue Jan 25 11:47:01 2022: update received FROM=hanifhambali363 (1401369818) CHAT= Laki og (-1001296316951) CMD=HAHAHAHAHA
Tue Jan 25 11:47:02 2022: update received FROM=Hazim Aqil✨  (1536631756) CHAT= Laki og (-1001296316951) CMD=Mail
Tue Jan 25 11:47:02 2022: update received FROM=hanifhambali363 (1401369818) CHAT= Laki og (-1001296316951) CMD=Hishishsushsi
Tue Jan 25 11:47:02 2022: update received FROM=Hazim Aqil✨  (1536631756) CHAT= Laki og (-1001296316951) CMD=I am tidur ke oi
Tue Jan 25 11:47:02 2022: update received FROM=Hazim Aqil✨  (1536631756) CHAT= Laki og (-1001296316951) CMD=/_edited_message Icam tidur ke
Tue Jan 25 11:47:02 2022: update received FROM=mal  (1027650822) CHAT= Laki og (-1001296316951) CMD=ANJAYY🗿
Tue Jan 25 11:47:02 2022: update received FROM=pepjsi (666413201) CHAT= Laki og (-1001296316951) CMD=Asal nama aku tkde
Tue Jan 25 11:47:02 2022: update received FROM=morningbaba (1446611162) CHAT= Laki og (-1001296316951) CMD=hm
Tue Jan 25 11:47:02 2022: update received FROM=Hazim Aqil✨  (1536631756) CHAT= Laki og (-1001296316951) CMD=Hmm
Tue Jan 25 11:47:03 2022: update received FROM=morningbaba (1446611162) CHAT= Laki og (-1001296316951) CMD=tido ke bng
Tue Jan 25 11:47:03 2022: update received FROM=Hazim Aqil✨  (1536631756) CHAT= Laki og (-1001296316951) CMD=Aowkwkwkwk
Tue Jan 25 11:47:03 2022: update received FROM=pepjsi (666413201) CHAT= Laki og (-1001296316951) CMD=Ade ke?
Tue Jan 25 11:47:03 2022: update received FROM=Hazim Aqil✨  (1536631756) CHAT= Laki og (-1001296316951) CMD=Ade
Tue Jan 25 11:47:03 2022: update received FROM=morningbaba (1446611162) CHAT= Laki og (-1001296316951) CMD=dh terlepas dh
Tue Jan 25 11:47:03 2022: update received FROM=pepjsi (666413201) CHAT= Laki og (-1001296316951) CMD=Aduu
Tue Jan 25 11:47:03 2022: update received FROM=Hazim Aqil✨  (1536631756) CHAT= Laki og (-1001296316951) CMD=Gi ckap kat ustad
Tue Jan 25 11:47:03 2022: update received FROM=morningbaba (1446611162) CHAT= Laki og (-1001296316951) CMD=Jim
Tue Jan 25 11:47:03 2022: update received FROM=hanifhambali363 (1401369818) CHAT= Laki og (-1001296316951) CMD=Nak attention kantoi
Tue Jan 25 11:47:04 2022: update received FROM=morningbaba (1446611162) CHAT= Laki og (-1001296316951) CMD=/_edited_message Jiji
Tue Jan 25 11:47:04 2022: update received FROM=Hazim Aqil✨  (1536631756) CHAT= Laki og (-1001296316951) CMD=Bnde
Tue Jan 25 11:47:04 2022: update received FROM=hanifhambali363 (1401369818) CHAT= Laki og (-1001296316951) CMD=BBBBUUTTOWWW
Tue Jan 25 11:47:04 2022: update received FROM=morningbaba (1446611162) CHAT= Laki og (-1001296316951) CMD=Attention seekers
Tue Jan 25 11:47:06 2022: update received FROM=morningbaba (1446611162) CHAT= Laki og (-1001296316951) CMD=    stickers/file_72.webp 
Tue Jan 25 11:47:06 2022: update received FROM=StoopidGuyy (1456816952) CHAT= Laki og (-1001296316951) CMD=Mende laa
Tue Jan 25 11:47:06 2022: update received FROM=StoopidGuyy (1456816952) CHAT= Laki og (-1001296316951) CMD=Keria
Tue Jan 25 11:47:06 2022: update received FROM=morningbaba (1446611162) CHAT= Laki og (-1001296316951) CMD=ustaz siak
Tue Jan 25 11:47:06 2022: update received FROM=pepjsi (666413201) CHAT= Laki og (-1001296316951) CMD=Nice
Tue Jan 25 11:47:07 2022: update received FROM=Raiyan  (5008218772) CHAT= 1 AK № (-1001400197588) CMD=Nk link
Tue Jan 25 11:47:07 2022: update received FROM=Hazim Aqil✨  (1536631756) CHAT= Laki og (-1001296316951) CMD=Mntp
Tue Jan 25 11:47:07 2022: update received FROM=morningbaba (1446611162) CHAT= Laki og (-1001296316951) CMD=HAHAHAH
Tue Jan 25 11:47:07 2022: update received FROM=morningbaba (1446611162) CHAT= Laki og (-1001296316951) CMD=ustaz mail
Tue Jan 25 11:47:07 2022: update received FROM=StoopidGuyy (1456816952) CHAT= Laki og (-1001296316951) CMD=Linkk
Tue Jan 25 11:47:07 2022: update received FROM=nraleamsra (1200257759) CHAT= 1 AK № (-1001400197588) CMD=https://docs.google.com/forms/
Tue Jan 25 11:47:08 2022: update received FROM=Raiyan  (5008218772) CHAT= 1 AK № (-1001400197588) CMD=Tq
Tue Jan 25 11:47:08 2022: update received FROM=nraleamsra (1200257759) CHAT= 1 AK № (-1001400197588) CMD=welc
Tue Jan 25 11:47:08 2022: update received FROM=GroupAnonymousBot (1087968824) CHAT= Laki og (-1001296316951) CMD=
Tue Jan 25 11:47:08 2022: update received FROM=Hakimi0804 (1024853832) CHAT= 1 AK № (-1001400197588) CMD=/_new_pinned_message 102485383
Tue Jan 25 11:47:08 2022: update received FROM=pepjsi (666413201) CHAT= Laki og (-1001296316951) CMD=https://docs.google.com/forms/
Tue Jan 25 11:47:08 2022: update received FROM=morningbaba (1446611162) CHAT= Laki og (-1001296316951) CMD=https://docs.google.com/forms/
Tue Jan 25 11:47:10 2022: update received FROM=pepjsi (666413201) CHAT= Laki og (-1001296316951) CMD=   photos/file_74.jpg  
Tue Jan 25 11:47:11 2022: update received FROM=Hazim Aqil✨  (1536631756) CHAT= Laki og (-1001296316951) CMD=    stickers/file_75.webp 
Tue Jan 25 11:47:11 2022: update received FROM=A.I Assistant  (1100317223) CHAT= kinda sus (-1001416465000) CMD=/_new_pinned_message 110031722
Tue Jan 25 11:47:13 2022: update received FROM=Hakimi0804 (1024853832) CHAT= Laki og (-1001296316951) CMD=   photos/file_76.jpg  
Tue Jan 25 11:47:15 2022: update received FROM=Hakimi0804 (1024853832) CHAT= Laki og (-1001296316951) CMD= animations/file_77.mp4    
Tue Jan 25 11:47:17 2022: update received FROM=Hakimi0804 (1024853832) CHAT= Laki og (-1001296316951) CMD= animations/file_78.mp4    
Tue Jan 25 11:47:17 2022: update received FROM=pepjsi (666413201) CHAT= Laki og (-1001296316951) CMD=Kimi
Tue Jan 25 11:47:17 2022: update received FROM=pepjsi (666413201) CHAT= Laki og (-1001296316951) CMD=Kau kan pakai BA
Tue Jan 25 11:47:17 2022: update received FROM=Hazim Aqil✨  (1536631756) CHAT= Laki og (-1001296316951) CMD=Kimi tolong
Tue Jan 25 11:47:18 2022: update received FROM=Hazim Aqil✨  (1536631756) CHAT= Laki og (-1001296316951) CMD=    stickers/file_75.webp 
Tue Jan 25 11:47:18 2022: update received FROM=morningbaba (1446611162) CHAT= Laki og (-1001296316951) CMD=Johnny sins
Tue Jan 25 11:47:20 2022: update received FROM=pepjsi (666413201) CHAT= Laki og (-1001296316951) CMD=    stickers/file_79.webp 
Tue Jan 25 11:47:21 2022: update received FROM=Hazim Aqil✨  (1536631756) CHAT= Laki og (-1001296316951) CMD=    stickers/file_79.webp 
Tue Jan 25 11:47:22 2022: update received FROM=pepjsi (666413201) CHAT= Laki og (-1001296316951) CMD=    stickers/file_75.webp 
Tue Jan 25 11:47:24 2022: update received FROM=morningbaba (1446611162) CHAT= Laki og (-1001296316951) CMD=    stickers/file_80.webp 
Tue Jan 25 11:47:25 2022: update received FROM=Hazim Aqil✨  (1536631756) CHAT= Laki og (-1001296316951) CMD=    stickers/file_81.webp 
Tue Jan 25 11:47:27 2022: update received FROM=morningbaba (1446611162) CHAT= Laki og (-1001296316951) CMD=    stickers/file_82.webp 
Tue Jan 25 11:47:28 2022: update received FROM=Hazim Aqil✨  (1536631756) CHAT= Laki og (-1001296316951) CMD=    stickers/file_83.webp 
Tue Jan 25 11:47:29 2022: update received FROM=Hazim Aqil✨  (1536631756) CHAT= Laki og (-1001296316951) CMD=    stickers/file_84.webp 
Tue Jan 25 11:47:31 2022: update received FROM=Hazim Aqil✨  (1536631756) CHAT= Laki og (-1001296316951) CMD=    stickers/file_85.webp 
Tue Jan 25 11:47:32 2022: update received FROM=Hazim Aqil✨  (1536631756) CHAT= Laki og (-1001296316951) CMD=    stickers/file_82.webp 
Tue Jan 25 11:47:33 2022: update received FROM=Hazim Aqil✨  (1536631756) CHAT= Laki og (-1001296316951) CMD=     
Tue Jan 25 11:47:33 2022: update received FROM=Hazim Aqil✨  (1536631756) CHAT= Laki og (-1001296316951) CMD=     
Tue Jan 25 11:47:33 2022: update received FROM=Hazim Aqil✨  (1536631756) CHAT= Laki og (-1001296316951) CMD=Kimi
Tue Jan 25 11:47:34 2022: update received FROM=Hazim Aqil✨  (1536631756) CHAT= Laki og (-1001296316951) CMD=     
Tue Jan 25 11:47:34 2022: update received FROM=morningbaba (1446611162) CHAT= Laki og (-1001296316951) CMD=     
Tue Jan 25 11:47:34 2022: update received FROM=pepjsi (666413201) CHAT= Laki og (-1001296316951) CMD=     
Tue Jan 25 11:47:34 2022: update received FROM=Hakimi0804 (1024853832) CHAT= Laki og (-1001296316951) CMD=ye saye
Tue Jan 25 11:47:35 2022: update received FROM=Hakimi0804 (1024853832) CHAT= Laki og (-1001296316951) CMD=     
Tue Jan 25 11:47:35 2022: update received FROM=Hakimi0804 (1024853832) CHAT= Laki og (-1001296316951) CMD=ni babi
Tue Jan 25 11:47:35 2022: update received FROM=morningbaba (1446611162) CHAT= Laki og (-1001296316951) CMD=bak jawapan sknh
Tue Jan 25 11:47:35 2022: update received FROM=morningbaba (1446611162) CHAT= Laki og (-1001296316951) CMD=Siapa yg jawab bongok sgt ni..     
Tue Jan 25 11:47:35 2022: update received FROM=morningbaba (1446611162) CHAT= Laki og (-1001296316951) CMD=BONGOK SETEPK
Tue Jan 25 11:47:36 2022: update received FROM=Hakimi0804 (1024853832) CHAT= Laki og (-1001296316951) CMD=     
Tue Jan 25 11:47:36 2022: update received FROM=Hakimi0804 (1024853832) CHAT= Laki og (-1001296316951) CMD=jap aku ada save pdf tak silap
Tue Jan 25 11:47:36 2022: update received FROM=morningbaba (1446611162) CHAT= Laki og (-1001296316951) CMD=mantap
Tue Jan 25 11:47:36 2022: update received FROM=Hazim Aqil✨  (1536631756) CHAT= Laki og (-1001296316951) CMD=Tentententen
Tue Jan 25 11:47:36 2022: update received FROM=pepjsi (666413201) CHAT= Laki og (-1001296316951) CMD=     
Tue Jan 25 11:47:36 2022: update received FROM=Hakimi0804 (1024853832) CHAT= Laki og (-1001296316951) CMD=     
Tue Jan 25 11:47:36 2022: update received FROM=Hakimi0804 (1024853832) CHAT= Laki og (-1001296316951) CMD=aku tau aku submit awal takut 
Tue Jan 25 11:47:36 2022: update received FROM=Hakimi0804 (1024853832) CHAT= Laki og (-1001296316951) CMD=     
Tue Jan 25 11:47:37 2022: update received FROM=Hakimi0804 (1024853832) CHAT= Laki og (-1001296316951) CMD=jangan tiru sebijik ye anuck²😘
Tue Jan 25 11:47:37 2022: update received FROM=Hazim Aqil✨  (1536631756) CHAT= Laki og (-1001296316951) CMD=Aq yg x tiru langsung:
Tue Jan 25 11:47:37 2022: update received FROM=Hazim Aqil✨  (1536631756) CHAT= Laki og (-1001296316951) CMD=     
Tue Jan 25 11:47:37 2022: update received FROM=Hazim Aqil✨  (1536631756) CHAT= Laki og (-1001296316951) CMD=Aq yg tiru mail:
Tue Jan 25 11:47:37 2022: update received FROM=Hakimi0804 (1024853832) CHAT= Laki og (-1001296316951) CMD=anak soleh
Tue Jan 25 11:47:37 2022: update received FROM=Hakimi0804 (1024853832) CHAT= Laki og (-1001296316951) CMD=gak soleh
Tue Jan 25 11:47:37 2022: update received FROM=Hazim Aqil✨  (1536631756) CHAT= Laki og (-1001296316951) CMD=     
Tue Jan 25 11:47:37 2022: update received FROM=Hakimi0804 (1024853832) CHAT= Laki og (-1001296316951) CMD=     
Tue Jan 25 11:47:38 2022: update received FROM=Hazim Aqil✨  (1536631756) CHAT= Laki og (-1001296316951) CMD=Aq yg tiru Adam nasri:
Tue Jan 25 11:47:38 2022: update received FROM=Hazim Aqil✨  (1536631756) CHAT= Laki og (-1001296316951) CMD=     
Tue Jan 25 11:47:38 2022: update received FROM=Hakimi0804 (1024853832) CHAT= Laki og (-1001296316951) CMD=     
Tue Jan 25 11:47:38 2022: update received FROM=Hakimi0804 (1024853832) CHAT= Laki og (-1001296316951) CMD=     
Tue Jan 25 11:47:38 2022: update received FROM=Hakimi0804 (1024853832) CHAT= Laki og (-1001296316951) CMD=     
Tue Jan 25 11:47:38 2022: update received FROM=Hakimi0804 (1024853832) CHAT= Laki og (-1001296316951) CMD=     
