Sat Jan 22 15:21:58 2022: RESULT=false FUNC=sendJson (curl) CHAT[ID]=-1001155763792 ERROR=400 DESC=Bad Request: chat not found ACTION="text":"ayam"
Sat Jan 22 15:22:03 2022: RESULT=false FUNC=sendJson (curl) CHAT[ID]=-1001155763792 ERROR=400 DESC=Bad Request: chat not found ACTION="text":"ayam"
Sat Jan 22 15:52:16 2022: RESULT=false FUNC=sendJson (curl) CHAT[ID]=-1001155763792 ERROR=400 DESC=Bad Request: message can't be deleted ACTION="message_id": 15391
Sat Jan 22 15:52:40 2022: RESULT=false FUNC=sendJson (curl) CHAT[ID]=-1001155763792 ERROR=400 DESC=Bad Request: message can't be deleted ACTION="message_id": 15392
Sat Jan 22 15:53:07 2022: RESULT=false FUNC=sendJson (curl) CHAT[ID]=-1001155763792 ERROR=400 DESC=Bad Request: message can't be deleted ACTION="message_id": 15394
Sun Jan 23 13:18:32 2022: RESULT=false FUNC=sendUpload (curl) CHAT[ID]=1024853832 ERROR=400 DESC=Bad Request: file must be non-empty ACTION=photo
Tue Jan 25 09:28:15 2022: RESULT=false FUNC=sendJson (curl) CHAT[ID]=-1001155763792 ERROR=400 DESC=Bad Request: message to forward not found ACTION="from_chat_id": -1001296316951, "message_id": 22481
Tue Jan 25 10:36:58 2022: Repeated timeout/broken/no connection on telegram update, sleep 0s
Tue Jan 25 10:39:18 2022: Repeated timeout/broken/no connection on telegram update, sleep 1s
Tue Jan 25 10:41:39 2022: Repeated timeout/broken/no connection on telegram update, sleep 2s
Tue Jan 25 10:44:01 2022: Repeated timeout/broken/no connection on telegram update, sleep 3s
Tue Jan 25 10:46:04 2022: Repeated timeout/broken/no connection on telegram update, sleep 6s
Tue Jan 25 10:48:11 2022: Repeated timeout/broken/no connection on telegram update, sleep 13s
Tue Jan 25 10:50:44 2022: Repeated timeout/broken/no connection on telegram update, sleep 26s
Tue Jan 25 10:52:53 2022: Repeated timeout/broken/no connection on telegram update, sleep 50s
Tue Jan 25 10:56:03 2022: Repeated timeout/broken/no connection on telegram update, sleep 50s
Tue Jan 25 10:57:20 2022: Repeated timeout/broken/no connection on telegram update, sleep 50s
Tue Jan 25 10:58:28 2022: Repeated timeout/broken/no connection on telegram update, sleep 50s
Tue Jan 25 11:01:38 2022: Repeated timeout/broken/no connection on telegram update, sleep 50s
Tue Jan 25 11:02:28 2022: Repeated timeout/broken/no connection on telegram update, sleep 50s
Tue Jan 25 11:05:38 2022: Repeated timeout/broken/no connection on telegram update, sleep 50s
Tue Jan 25 11:08:49 2022: Repeated timeout/broken/no connection on telegram update, sleep 50s
Tue Jan 25 11:11:39 2022: Repeated timeout/broken/no connection on telegram update, sleep 50s
Tue Jan 25 11:14:49 2022: Repeated timeout/broken/no connection on telegram update, sleep 50s
Tue Jan 25 11:16:13 2022: Repeated timeout/broken/no connection on telegram update, sleep 50s
Tue Jan 25 11:17:03 2022: Repeated timeout/broken/no connection on telegram update, sleep 50s
Tue Jan 25 11:20:13 2022: Repeated timeout/broken/no connection on telegram update, sleep 50s
Tue Jan 25 11:23:03 2022: Repeated timeout/broken/no connection on telegram update, sleep 50s
Tue Jan 25 11:26:13 2022: Repeated timeout/broken/no connection on telegram update, sleep 50s
Tue Jan 25 11:29:03 2022: Repeated timeout/broken/no connection on telegram update, sleep 50s
Tue Jan 25 11:32:13 2022: Repeated timeout/broken/no connection on telegram update, sleep 50s
Tue Jan 25 11:35:03 2022: Repeated timeout/broken/no connection on telegram update, sleep 50s
Tue Jan 25 11:38:14 2022: Repeated timeout/broken/no connection on telegram update, sleep 50s
Tue Jan 25 11:41:24 2022: Repeated timeout/broken/no connection on telegram update, sleep 50s
Tue Jan 25 11:44:14 2022: Repeated timeout/broken/no connection on telegram update, sleep 50s
Tue Jan 25 11:45:04 2022: Repeated timeout/broken/no connection on telegram update, sleep 50s
Tue Jan 25 11:46:00 2022: Recovered from timeout/broken/no connection, continue with telegram updates
Tue Jan 25 11:47:33 2022: RESULT=false FUNC=sendJson (curl) CHAT[ID]= ERROR=999 DESC=Send to telegram not possible, timeout/broken/no connection ACTION="file_id": "CAACAgQAAx0CTUQ6FwACZgdh72t7LjKMF--I68Fny89GVAzWogACHQ0AAl9AEVLVGyYLaxtlGCME"
Tue Jan 25 11:47:33 2022: BASHBOT IP Address seems blocked!
Tue Jan 25 11:47:33 2022: RESULT=false FUNC=sendJson (curl) CHAT[ID]= ERROR=999 DESC=Send to telegram not possible, timeout/broken/no connection ACTION="file_id": "CAACAgQAAx0CTUQ6FwACZghh72uBehgu1-VAvd2nDTXbYAowbQACEA0AAumPEVINeoNY8mFepiME"
Tue Jan 25 11:47:33 2022: BASHBOT IP Address seems blocked!
Tue Jan 25 11:47:34 2022: RESULT=false FUNC=sendJson (curl) CHAT[ID]= ERROR=999 DESC=Send to telegram not possible, timeout/broken/no connection ACTION="file_id": "CAACAgIAAx0CTUQ6FwACZgph72unP_i3r2uijkUmZevxD4rMBQACRRUAAitHuUoj4o4AAR-ecQ0jBA"
Tue Jan 25 11:47:34 2022: BASHBOT IP Address seems blocked!
Tue Jan 25 11:47:34 2022: RESULT=false FUNC=sendJson (curl) CHAT[ID]= ERROR=999 DESC=Send to telegram not possible, timeout/broken/no connection ACTION="file_id": "CAACAgUAAx0CTUQ6FwACZgth72uxOeowxgEMzh7GdOSWI4TRKQACiAMAAv5wkFWVwnWBASbX0CME"
Tue Jan 25 11:47:34 2022: BASHBOT IP Address seems blocked!
Tue Jan 25 11:47:34 2022: RESULT=false FUNC=sendJson (curl) CHAT[ID]= ERROR=999 DESC=Send to telegram not possible, timeout/broken/no connection ACTION="file_id": "CAACAgUAAx0CTUQ6FwACZgxh72u8VHnkl7LTSWZS5UAg6vfQpgACIwMAAlLF4VZifGVGkiztUCME"
Tue Jan 25 11:47:34 2022: BASHBOT IP Address seems blocked!
Tue Jan 25 11:47:35 2022: RESULT=false FUNC=sendJson (curl) CHAT[ID]= ERROR=999 DESC=Send to telegram not possible, timeout/broken/no connection ACTION="file_id": "AgACAgUAAx0CTUQ6FwACZg5h72vXYP1_MxxvKC7YLVCTj75A9AACvrAxG2fGeVcymMPAYpi9mgEAAwIAA3MAAyME
Tue Jan 25 11:47:35 2022: BASHBOT IP Address seems blocked!
Tue Jan 25 11:47:35 2022: RESULT=false FUNC=sendJson (curl) CHAT[ID]= ERROR=999 DESC=Send to telegram not possible, timeout/broken/no connection ACTION="file_id": "AgACAgUAAx0CTUQ6FwACZhFh72vt-SGhjCj0fqMFH8j71ucO1AACwa4xG1AueFed68rQet-IJgEAAwIAA3MAAyME
Tue Jan 25 11:47:35 2022: BASHBOT IP Address seems blocked!
Tue Jan 25 11:47:36 2022: RESULT=false FUNC=sendJson (curl) CHAT[ID]= ERROR=999 DESC=Send to telegram not possible, timeout/broken/no connection ACTION="file_id": "AgACAgUAAx0CTUQ6FwACZhNh72v_MWAtCCWH5B-PVfd3UgNoFwAC5q8xGxBUeVfTufgjdAW81AEAAwIAA3MAAyME
Tue Jan 25 11:47:36 2022: BASHBOT IP Address seems blocked!
Tue Jan 25 11:47:36 2022: RESULT=false FUNC=sendJson (curl) CHAT[ID]= ERROR=999 DESC=Send to telegram not possible, timeout/broken/no connection ACTION="file_id": "CAACAgQAAx0CTUQ6FwACZhdh72wcMNH8QHK11M8b6qIuc3ptiAACEA0AAumPEVINeoNY8mFepiME"
Tue Jan 25 11:47:36 2022: BASHBOT IP Address seems blocked!
Tue Jan 25 11:47:36 2022: RESULT=false FUNC=sendJson (curl) CHAT[ID]= ERROR=999 DESC=Send to telegram not possible, timeout/broken/no connection ACTION="file_id": "BQACAgUAAx0CTUQ6FwACZhhh72wjDcwlK49pKTYclxUgxcozJgACPQQAAhBUeVd8w1h8E8URrCME"
Tue Jan 25 11:47:36 2022: BASHBOT IP Address seems blocked!
Tue Jan 25 11:47:36 2022: RESULT=false FUNC=sendJson (curl) CHAT[ID]= ERROR=999 DESC=Send to telegram not possible, timeout/broken/no connection ACTION="file_id": "CgACAgIAAx0CTUQ6FwACZhph72wyBSDuf4hAHdoyaCrX7DXXYAACnBIAAmvjkEgpzcK1XWqOxCME"
Tue Jan 25 11:47:36 2022: BASHBOT IP Address seems blocked!
Tue Jan 25 11:47:37 2022: RESULT=false FUNC=sendJson (curl) CHAT[ID]= ERROR=999 DESC=Send to telegram not possible, timeout/broken/no connection ACTION="file_id": "CAACAgQAAx0CTUQ6FwACZh1h72ybHFoZB0u2b598EVvo7Gfj4wACEA0AAumPEVINeoNY8mFepiME"
Tue Jan 25 11:47:37 2022: BASHBOT IP Address seems blocked!
Tue Jan 25 11:47:37 2022: RESULT=false FUNC=sendJson (curl) CHAT[ID]= ERROR=999 DESC=Send to telegram not possible, timeout/broken/no connection ACTION="file_id": "CAACAgQAAx0CTUQ6FwACZiFh72yzICa3rfLEsQvh25UulzLN0gACfQoAAiY0GFJxX8Tbz9IccSME"
Tue Jan 25 11:47:37 2022: BASHBOT IP Address seems blocked!
Tue Jan 25 11:47:37 2022: RESULT=false FUNC=sendJson (curl) CHAT[ID]= ERROR=999 DESC=Send to telegram not possible, timeout/broken/no connection ACTION="file_id": "CgACAgUAAx0CTUQ6FwACZiJh72y9NvuHG-nqE74yUUkyXqE0vAACpAMAAm9iUFcAAe2WMYUh1YUjBA"
Tue Jan 25 11:47:37 2022: BASHBOT IP Address seems blocked!
Tue Jan 25 11:47:38 2022: RESULT=false FUNC=sendJson (curl) CHAT[ID]= ERROR=999 DESC=Send to telegram not possible, timeout/broken/no connection ACTION="file_id": "CAACAgQAAx0CTUQ6FwACZiRh72zE6rgMF14LlU8N9ROQwQ-EWQAC3gwAAuvBEVKbXf75A_cCkCME"
Tue Jan 25 11:47:38 2022: BASHBOT IP Address seems blocked!
Tue Jan 25 11:47:38 2022: RESULT=false FUNC=sendJson (curl) CHAT[ID]= ERROR=999 DESC=Send to telegram not possible, timeout/broken/no connection ACTION="file_id": "CgACAgIAAx0CTUQ6FwACZiVh72z8OFQ5Oh3vhN16fpjxdrQC8AACeRUAAgyM0UmOJSTdV_qPpiME"
Tue Jan 25 11:47:38 2022: BASHBOT IP Address seems blocked!
Tue Jan 25 11:47:38 2022: RESULT=false FUNC=sendJson (curl) CHAT[ID]= ERROR=999 DESC=Send to telegram not possible, timeout/broken/no connection ACTION="file_id": "CgACAgIAAx0CTUQ6FwACZiZh720DTtgM63tGshw_f-bY1LFt1AACdg8AAomfAAFI5olx-lVWJjAjBA"
Tue Jan 25 11:47:38 2022: BASHBOT IP Address seems blocked!
Tue Jan 25 11:47:38 2022: RESULT=false FUNC=sendJson (curl) CHAT[ID]= ERROR=999 DESC=Send to telegram not possible, timeout/broken/no connection ACTION="file_id": "CgACAgIAAx0CTUQ6FwACZidh720HNHH_d6JAMuL_GenTvTBZiQACnBIAAmvjkEgpzcK1XWqOxCME"
Tue Jan 25 11:47:38 2022: BASHBOT IP Address seems blocked!
Tue Jan 25 11:47:38 2022: RESULT=false FUNC=sendJson (curl) CHAT[ID]= ERROR=999 DESC=Send to telegram not possible, timeout/broken/no connection ACTION="file_id": "CgACAgIAAx0CTUQ6FwACZihh720KA5MBAAHY4SkPXMUxPItrmVkAAnYPAAKJnwABSOaJcfpVViYwIwQ"
Tue Jan 25 11:47:38 2022: BASHBOT IP Address seems blocked!
Tue Jan 25 11:47:39 2022: Repeated timeout/broken/no connection on telegram update, sleep 0s
Tue Jan 25 11:47:39 2022: Repeated timeout/broken/no connection on telegram update, sleep 1s
Tue Jan 25 11:47:40 2022: Repeated timeout/broken/no connection on telegram update, sleep 2s
Tue Jan 25 11:47:42 2022: Repeated timeout/broken/no connection on telegram update, sleep 3s
Tue Jan 25 11:47:45 2022: Repeated timeout/broken/no connection on telegram update, sleep 6s
Tue Jan 25 11:49:52 2022: Repeated timeout/broken/no connection on telegram update, sleep 13s
Tue Jan 25 11:52:05 2022: Repeated timeout/broken/no connection on telegram update, sleep 26s
Tue Jan 25 11:54:50 2022: Repeated timeout/broken/no connection on telegram update, sleep 50s
Tue Jan 25 11:57:41 2022: Repeated timeout/broken/no connection on telegram update, sleep 50s
Tue Jan 25 11:58:42 2022: Repeated timeout/broken/no connection on telegram update, sleep 50s
Tue Jan 25 11:59:32 2022: Repeated timeout/broken/no connection on telegram update, sleep 50s
Tue Jan 25 12:02:22 2022: Repeated timeout/broken/no connection on telegram update, sleep 50s
Tue Jan 25 12:05:33 2022: Repeated timeout/broken/no connection on telegram update, sleep 50s
Tue Jan 25 12:08:23 2022: Repeated timeout/broken/no connection on telegram update, sleep 50s
Tue Jan 25 12:11:33 2022: Repeated timeout/broken/no connection on telegram update, sleep 50s
Tue Jan 25 12:14:23 2022: Repeated timeout/broken/no connection on telegram update, sleep 50s
Tue Jan 25 12:17:33 2022: Repeated timeout/broken/no connection on telegram update, sleep 50s
Tue Jan 25 12:20:23 2022: Repeated timeout/broken/no connection on telegram update, sleep 50s
Tue Jan 25 12:23:33 2022: Repeated timeout/broken/no connection on telegram update, sleep 50s
Tue Jan 25 12:26:23 2022: Repeated timeout/broken/no connection on telegram update, sleep 50s
Tue Jan 25 12:27:57 2022: Repeated timeout/broken/no connection on telegram update, sleep 50s
Tue Jan 25 12:31:07 2022: Repeated timeout/broken/no connection on telegram update, sleep 50s
Tue Jan 25 12:34:17 2022: Repeated timeout/broken/no connection on telegram update, sleep 50s
Tue Jan 25 12:37:07 2022: Repeated timeout/broken/no connection on telegram update, sleep 50s
Tue Jan 25 12:40:17 2022: Repeated timeout/broken/no connection on telegram update, sleep 50s
Tue Jan 25 12:43:04 2022: Repeated timeout/broken/no connection on telegram update, sleep 50s
Tue Jan 25 12:43:54 2022: Repeated timeout/broken/no connection on telegram update, sleep 50s
Tue Jan 25 12:44:44 2022: Repeated timeout/broken/no connection on telegram update, sleep 50s
Tue Jan 25 12:45:34 2022: Repeated timeout/broken/no connection on telegram update, sleep 50s
Tue Jan 25 12:46:24 2022: Repeated timeout/broken/no connection on telegram update, sleep 50s
Tue Jan 25 12:49:14 2022: Repeated timeout/broken/no connection on telegram update, sleep 50s
Tue Jan 25 12:52:24 2022: Repeated timeout/broken/no connection on telegram update, sleep 50s
Tue Jan 25 12:55:14 2022: Repeated timeout/broken/no connection on telegram update, sleep 50s
Tue Jan 25 12:58:25 2022: Repeated timeout/broken/no connection on telegram update, sleep 50s
Tue Jan 25 13:01:15 2022: Repeated timeout/broken/no connection on telegram update, sleep 50s
Tue Jan 25 13:04:25 2022: Repeated timeout/broken/no connection on telegram update, sleep 50s
Tue Jan 25 13:07:15 2022: Repeated timeout/broken/no connection on telegram update, sleep 50s
