
Sat Jan 22 15:21:16 2022: DEBUG sendJson ==========
["chat_id"]	1024853832
["text"]	"ayam"

Sat Jan 22 15:21:17 2022: New Result ==========
["ok"]	true
["result","message_id"]	18
["result","from","id"]	5079112650
["result","from","is_bot"]	true
["result","from","first_name"]	"hakimi's bot"
["result","from","username"]	"hakimi_bash_bot"
["result","chat","id"]	1024853832
["result","chat","first_name"]	"Hakimi"
["result","chat","username"]	"Hakimi0804"
["result","chat","type"]	"private"
["result","date"]	1642836076
["result","text"]	"ayam"

Sat Jan 22 15:21:57 2022: DEBUG sendJson ==========
["chat_id"]	-1001155763792
["text"]	"ayam"

Sat Jan 22 15:21:58 2022: New Result ==========
["ok"]	false
["error_code"]	400
["description"]	"Bad Request: chat not found"

Sat Jan 22 15:22:01 2022: DEBUG sendJson ==========
["chat_id"]	-1001155763792
["text"]	"ayam"

Sat Jan 22 15:22:03 2022: New Result ==========
["ok"]	false
["error_code"]	400
["description"]	"Bad Request: chat not found"

Sat Jan 22 15:22:21 2022: DEBUG sendJson ==========
["chat_id"]	-1001155763792
["text"]	"ayam"

Sat Jan 22 15:22:23 2022: New Result ==========
["ok"]	true
["result","message_id"]	15353
["result","from","id"]	5079112650
["result","from","is_bot"]	true
["result","from","first_name"]	"hakimi's bot"
["result","from","username"]	"hakimi_bash_bot"
["result","chat","id"]	-1001155763792
["result","chat","title"]	"Hakimi's userbot log"
["result","chat","type"]	"supergroup"
["result","date"]	1642836142
["result","text"]	"ayam"

Sat Jan 22 15:22:45 2022: DEBUG sendJson ==========
["chat_id"]	-1001296316951
["text"]	"ayam"

Sat Jan 22 15:22:46 2022: New Result ==========
["ok"]	true
["result","message_id"]	25141
["result","from","id"]	5079112650
["result","from","is_bot"]	true
["result","from","first_name"]	"hakimi's bot"
["result","from","username"]	"hakimi_bash_bot"
["result","chat","id"]	-1001296316951
["result","chat","title"]	"Laki og"
["result","chat","type"]	"supergroup"
["result","date"]	1642836165
["result","text"]	"ayam"

Sat Jan 22 15:22:50 2022: DEBUG sendJson ==========
["chat_id"]	-1001296316951
["text"]	"bruh"

Sat Jan 22 15:22:52 2022: New Result ==========
["ok"]	true
["result","message_id"]	25142
["result","from","id"]	5079112650
["result","from","is_bot"]	true
["result","from","first_name"]	"hakimi's bot"
["result","from","username"]	"hakimi_bash_bot"
["result","chat","id"]	-1001296316951
["result","chat","title"]	"Laki og"
["result","chat","type"]	"supergroup"
["result","date"]	1642836171
["result","text"]	"bruh"

Sat Jan 22 15:23:13 2022: DEBUG sendJson ==========
["chat_id"]	-1001296316951
["text"]	"ABCDEFG"

Sat Jan 22 15:23:14 2022: New Result ==========
["ok"]	true
["result","message_id"]	25143
["result","from","id"]	5079112650
["result","from","is_bot"]	true
["result","from","first_name"]	"hakimi's bot"
["result","from","username"]	"hakimi_bash_bot"
["result","chat","id"]	-1001296316951
["result","chat","title"]	"Laki og"
["result","chat","type"]	"supergroup"
["result","date"]	1642836194
["result","text"]	"ABCDEFG"

Sat Jan 22 15:23:19 2022: DEBUG sendJson ==========
["chat_id"]	-1001296316951
["text"]	"HIJKLMNOP"

Sat Jan 22 15:23:20 2022: New Result ==========
["ok"]	true
["result","message_id"]	25144
["result","from","id"]	5079112650
["result","from","is_bot"]	true
["result","from","first_name"]	"hakimi's bot"
["result","from","username"]	"hakimi_bash_bot"
["result","chat","id"]	-1001296316951
["result","chat","title"]	"Laki og"
["result","chat","type"]	"supergroup"
["result","date"]	1642836200
["result","text"]	"HIJKLMNOP"

Sat Jan 22 15:23:26 2022: DEBUG sendJson ==========
["chat_id"]	-1001296316951
["text"]	"QRSTUV"

Sat Jan 22 15:23:27 2022: New Result ==========
["ok"]	true
["result","message_id"]	25145
["result","from","id"]	5079112650
["result","from","is_bot"]	true
["result","from","first_name"]	"hakimi's bot"
["result","from","username"]	"hakimi_bash_bot"
["result","chat","id"]	-1001296316951
["result","chat","title"]	"Laki og"
["result","chat","type"]	"supergroup"
["result","date"]	1642836207
["result","text"]	"QRSTUV"

Sat Jan 22 15:23:31 2022: DEBUG sendJson ==========
["chat_id"]	-1001296316951
["text"]	"WXYZ"

Sat Jan 22 15:23:33 2022: New Result ==========
["ok"]	true
["result","message_id"]	25146
["result","from","id"]	5079112650
["result","from","is_bot"]	true
["result","from","first_name"]	"hakimi's bot"
["result","from","username"]	"hakimi_bash_bot"
["result","chat","id"]	-1001296316951
["result","chat","title"]	"Laki og"
["result","chat","type"]	"supergroup"
["result","date"]	1642836212
["result","text"]	"WXYZ"

Sat Jan 22 15:27:44 2022: DEBUG sendJson ==========
["chat_id"]	-1001296316951
["text"]	"kuntul"

Sat Jan 22 15:27:45 2022: New Result ==========
["ok"]	true
["result","message_id"]	25147
["result","from","id"]	5079112650
["result","from","is_bot"]	true
["result","from","first_name"]	"hakimi's bot"
["result","from","username"]	"hakimi_bash_bot"
["result","chat","id"]	-1001296316951
["result","chat","title"]	"Laki og"
["result","chat","type"]	"supergroup"
["result","date"]	1642836465
["result","text"]	"kuntul"

Sat Jan 22 16:01:26 2022: DEBUG sendJson ==========
["chat_id"]	1024853832
["text"]	"Bot hakimi_bash_bot polling mode started ..."

Sat Jan 22 16:01:27 2022: New Result ==========
["ok"]	true
["result","message_id"]	29
["result","from","id"]	5079112650
["result","from","is_bot"]	true
["result","from","first_name"]	"hakimi's bot"
["result","from","username"]	"hakimi_bash_bot"
["result","chat","id"]	1024853832
["result","chat","first_name"]	"Hakimi"
["result","chat","username"]	"Hakimi0804"
["result","chat","type"]	"private"
["result","date"]	1642838487
["result","text"]	"Bot hakimi_bash_bot polling mode started ..."

Sat Jan 22 16:01:46 2022: New Message ==========
["result",0,"update_id"]	934086038
["result",0,"message","message_id"]	15412
["result",0,"message","from","id"]	1024853832
["result",0,"message","from","is_bot"]	false
["result",0,"message","from","first_name"]	"Hakimi"
["result",0,"message","from","username"]	"Hakimi0804"
["result",0,"message","from","language_code"]	"en"
["result",0,"message","chat","id"]	-1001155763792
["result",0,"message","chat","title"]	"Hakimi's userbot log"
["result",0,"message","chat","type"]	"supergroup"
["result",0,"message","date"]	1642838505
["result",0,"message","reply_to_message","message_id"]	15410
["result",0,"message","reply_to_message","from","id"]	5079112650
["result",0,"message","reply_to_message","from","is_bot"]	true
["result",0,"message","reply_to_message","from","first_name"]	"hakimi's bot"
["result",0,"message","reply_to_message","from","username"]	"hakimi_bash_bot"
["result",0,"message","reply_to_message","chat","id"]	-1001155763792
["result",0,"message","reply_to_message","chat","title"]	"Hakimi's userbot log"
["result",0,"message","reply_to_message","chat","type"]	"supergroup"
["result",0,"message","reply_to_message","date"]	1642838403
["result",0,"message","reply_to_message","text"]	"Message `15408` deleted!"
["result",0,"message","text"]	".del"

Sat Jan 22 16:01:46 2022: DEBUG sendJson ==========
["chat_id"]	-1001155763792
["message_id"]	15410

Sat Jan 22 16:01:47 2022: New Result ==========
["ok"]	true
["result"]	true

Sat Jan 22 16:01:47 2022: DEBUG sendJson ==========
["chat_id"]	-1001155763792
["message_id"]	15412

Sat Jan 22 16:01:48 2022: New Result ==========
["ok"]	true
["result"]	true

Sun Jan 23 12:31:28 2022: DEBUG sendJson ==========
["chat_id"]	1024853832
["text"]	"tf"

Sun Jan 23 12:31:30 2022: New Result ==========
["ok"]	true
["result","message_id"]	53
["result","from","id"]	5079112650
["result","from","is_bot"]	true
["result","from","first_name"]	"hakimi's bot"
["result","from","username"]	"hakimi_bash_bot"
["result","chat","id"]	1024853832
["result","chat","first_name"]	"Hakimi"
["result","chat","username"]	"Hakimi0804"
["result","chat","type"]	"private"
["result","date"]	1642912289
["result","text"]	"tf"

Sun Jan 23 13:18:31 2022: DEBUG sendJson ==========
["chat_id"]	1024853832
["action"]	"upload_photo"

Sun Jan 23 13:18:32 2022: New Result ==========
["ok"]	false
["error_code"]	400
["description"]	"Bad Request: file must be non-empty"

Sun Jan 23 13:18:32 2022: New Result ==========
["ok"]	true
["result"]	true

Sun Jan 23 13:18:41 2022: DEBUG sendJson ==========
["chat_id"]	1024853832
["action"]	"upload_document"

Sun Jan 23 13:18:42 2022: New Result ==========
["ok"]	true
["result"]	true

Sun Jan 23 13:19:08 2022: New Result ==========
["ok"]	true
["result","message_id"]	54
["result","from","id"]	5079112650
["result","from","is_bot"]	true
["result","from","first_name"]	"hakimi's bot"
["result","from","username"]	"hakimi_bash_bot"
["result","chat","id"]	1024853832
["result","chat","first_name"]	"Hakimi"
["result","chat","username"]	"Hakimi0804"
["result","chat","type"]	"private"
["result","date"]	1642915148
["result","document","file_name"]	"magisk-23016.zip"
["result","document","mime_type"]	"application/zip"
["result","document","file_id"]	"BQACAgUAAxkDAAM2YezlTM7VUCgKgx5TwG6-xM0lRKsAAkkEAAKuomlXZ3mbuBz9uwMjBA"
["result","document","file_unique_id"]	"AgADSQQAAq6iaVc"
["result","document","file_size"]	17356419

Sun Jan 23 13:19:34 2022: DEBUG sendJson ==========
["chat_id"]	-1001664444944
["action"]	"upload_document"

Sun Jan 23 13:19:35 2022: New Result ==========
["ok"]	true
["result"]	true

Sun Jan 23 13:20:51 2022: New Result ==========
["ok"]	true
["result","message_id"]	23
["result","author_signature"]	"hakimi's bot"
["result","sender_chat","id"]	-1001664444944
["result","sender_chat","title"]	"lol"
["result","sender_chat","username"]	"Hakimi0804_SC"
["result","sender_chat","type"]	"channel"
["result","chat","id"]	-1001664444944
["result","chat","title"]	"lol"
["result","chat","username"]	"Hakimi0804_SC"
["result","chat","type"]	"channel"
["result","date"]	1642915251
["result","document","file_name"]	"magisk-23016.zip"
["result","document","mime_type"]	"application/zip"
["result","document","file_id"]	"BQACAgUAAx0EYzVqEAADF2Hs5bPFoQ7aUoXI1nfWriNNVkqWAALxAwAC0oJoVy6-ZyXUIYMJIwQ"
["result","document","file_unique_id"]	"AgAD8QMAAtKCaFc"
["result","document","file_size"]	17356419
